[0.024s] Invoking command in '/home/albertocastro/px4_drone/build/px4_ros_com': AMENT_PREFIX_PATH=/home/albertocastro/px4_drone/install/px4_msgs:${AMENT_PREFIX_PATH} CMAKE_PREFIX_PATH=/home/albertocastro/px4_drone/install/px4_msgs:/opt/ros/humble LD_LIBRARY_PATH=/home/albertocastro/px4_drone/install/px4_msgs/lib:${LD_LIBRARY_PATH} PYTHONPATH=/home/albertocastro/px4_drone/install/px4_msgs/local/lib/python3.10/dist-packages:${PYTHONPATH} /usr/bin/cmake --build /home/albertocastro/px4_drone/build/px4_ros_com -- -j4 -l4
[0.052s] -- Found ament_cmake: 1.3.5 (/opt/ros/humble/share/ament_cmake/cmake)
[0.234s] -- Found builtin_interfaces: 1.2.1 (/opt/ros/humble/share/builtin_interfaces/cmake)
[0.266s] -- Found rosidl_generator_c: 3.1.4 (/opt/ros/humble/share/rosidl_generator_c/cmake)
[0.269s] -- Found rosidl_adapter: 3.1.4 (/opt/ros/humble/share/rosidl_adapter/cmake)
[0.277s] -- Found rosidl_generator_cpp: 3.1.4 (/opt/ros/humble/share/rosidl_generator_cpp/cmake)
[0.291s] -- Using all available rosidl_typesupport_c: rosidl_typesupport_fastrtps_c;rosidl_typesupport_introspection_c
[0.312s] -- Using all available rosidl_typesupport_cpp: rosidl_typesupport_fastrtps_cpp;rosidl_typesupport_introspection_cpp
[0.331s] -- Found eigen3_cmake_module: 0.1.1 (/opt/ros/humble/share/eigen3_cmake_module/cmake)
[0.333s] -- Found geometry_msgs: 4.2.3 (/opt/ros/humble/share/geometry_msgs/cmake)
[0.453s] -- Found px4_msgs: 2.0.1 (/home/albertocastro/px4_drone/install/px4_msgs/share/px4_msgs/cmake)
[0.497s] -- Found rclcpp: 16.0.4 (/opt/ros/humble/share/rclcpp/cmake)
[0.562s] -- Found rmw_implementation_cmake: 6.1.1 (/opt/ros/humble/share/rmw_implementation_cmake/cmake)
[0.564s] -- Found rmw_fastrtps_cpp: 6.2.2 (/opt/ros/humble/share/rmw_fastrtps_cpp/cmake)
[0.724s] -- Using RMW implementation 'rmw_fastrtps_cpp' as default
[0.888s] -- Found sensor_msgs: 4.2.3 (/opt/ros/humble/share/sensor_msgs/cmake)
[1.000s] -- Found ament_lint_auto: 0.12.6 (/opt/ros/humble/share/ament_lint_auto/cmake)
[1.100s] -- Added test 'copyright' to check source files copyright and LICENSE
[1.105s] -- Added test 'cppcheck' to perform static code analysis on C / C++ code
[1.106s] -- Configured cppcheck include dirs: /home/albertocastro/px4_drone/src/px4_ros_com/include;$<BUILD_INTERFACE:/home/albertocastro/px4_drone/src/px4_ros_com/include/px4_ros_com>
[1.106s] -- Configured cppcheck exclude dirs and/or files: 
[1.111s] -- Added test 'cpplint' to check C / C++ code against the Google style
[1.111s] -- Configured cpplint exclude dirs and/or files: 
[1.112s] -- Added test 'flake8' to check Python code syntax and style conventions
[1.113s] -- Added test 'lint_cmake' to check CMake code style
[1.115s] -- Added test 'pep257' to check Python code against some of the docstring style conventions in PEP 257
[1.119s] -- Added test 'uncrustify' to check C / C++ code style
[1.119s] -- Configured uncrustify additional arguments: 
[1.120s] -- Added test 'xmllint' to check XML markup files
[1.122s] -- Configuring done
[1.152s] -- Generating done
[1.155s] -- Build files have been written to: /home/albertocastro/px4_drone/build/px4_ros_com
[1.188s] [35m[1mConsolidate compiler generated dependencies of target frame_transforms[0m
[1.190s] [35m[1mConsolidate compiler generated dependencies of target vehicle_gps_position_listener[0m
[1.192s] [35m[1mConsolidate compiler generated dependencies of target debug_vect_advertiser[0m
[1.206s] [35m[1mConsolidate compiler generated dependencies of target sensor_combined_listener[0m
[1.227s] [ 10%] [32mBuilding CXX object CMakeFiles/vehicle_gps_position_listener.dir/src/examples/listeners/vehicle_gps_position_listener.cpp.o[0m
[1.230s] [ 20%] [32mBuilding CXX object CMakeFiles/debug_vect_advertiser.dir/src/examples/advertisers/debug_vect_advertiser.cpp.o[0m
[1.243s] [ 30%] [32mBuilding CXX object CMakeFiles/frame_transforms.dir/src/lib/frame_transforms.cpp.o[0m
[1.244s] [ 40%] [32mBuilding CXX object CMakeFiles/sensor_combined_listener.dir/src/examples/listeners/sensor_combined_listener.cpp.o[0m
[6.636s] [01m[K/home/albertocastro/px4_drone/src/px4_ros_com/src/examples/listeners/vehicle_gps_position_listener.cpp:[m[K In lambda function:
[6.636s] [01m[K/home/albertocastro/px4_drone/src/px4_ros_com/src/examples/listeners/vehicle_gps_position_listener.cpp:60:54:[m[K [01;31m[Kerror: [m[K‘[01m[Kstruct px4_msgs::msg::SensorGps_<std::allocator<void> >[m[K’ has no member named ‘[01m[Klat[m[K’
[6.637s]    60 |                         std::cout << "lat: " << msg->[01;31m[Klat[m[K  << std::endl;
[6.637s]       |                                                      [01;31m[K^~~[m[K
[6.637s] [01m[K/home/albertocastro/px4_drone/src/px4_ros_com/src/examples/listeners/vehicle_gps_position_listener.cpp:61:54:[m[K [01;31m[Kerror: [m[K‘[01m[Kstruct px4_msgs::msg::SensorGps_<std::allocator<void> >[m[K’ has no member named ‘[01m[Klon[m[K’
[6.638s]    61 |                         std::cout << "lon: " << msg->[01;31m[Klon[m[K << std::endl;
[6.638s]       |                                                      [01;31m[K^~~[m[K
[6.638s] [01m[K/home/albertocastro/px4_drone/src/px4_ros_com/src/examples/listeners/vehicle_gps_position_listener.cpp:62:54:[m[K [01;31m[Kerror: [m[K‘[01m[Kstruct px4_msgs::msg::SensorGps_<std::allocator<void> >[m[K’ has no member named ‘[01m[Kalt[m[K’
[6.639s]    62 |                         std::cout << "alt: " << msg->[01;31m[Kalt[m[K  << std::endl;
[6.639s]       |                                                      [01;31m[K^~~[m[K
[6.640s] [01m[K/home/albertocastro/px4_drone/src/px4_ros_com/src/examples/listeners/vehicle_gps_position_listener.cpp:63:64:[m[K [01;31m[Kerror: [m[K‘[01m[Kstruct px4_msgs::msg::SensorGps_<std::allocator<void> >[m[K’ has no member named ‘[01m[Kalt_ellipsoid[m[K’; did you mean ‘[01m[Kaltitude_ellipsoid_m[m[K’?
[6.640s]    63 |                         std::cout << "alt_ellipsoid: " << msg->[01;31m[Kalt_ellipsoid[m[K << std::endl;
[6.640s]       |                                                                [01;31m[K^~~~~~~~~~~~~[m[K
[6.640s]       |                                                                [32m[Kaltitude_ellipsoid_m[m[K
[11.778s] gmake[2]: *** [CMakeFiles/vehicle_gps_position_listener.dir/build.make:76: CMakeFiles/vehicle_gps_position_listener.dir/src/examples/listeners/vehicle_gps_position_listener.cpp.o] Error 1
[11.782s] gmake[1]: *** [CMakeFiles/Makefile2:197: CMakeFiles/vehicle_gps_position_listener.dir/all] Error 2
[11.783s] gmake[1]: *** Waiting for unfinished jobs....
[11.933s] [ 50%] [32m[1mLinking CXX executable debug_vect_advertiser[0m
[12.240s] [ 50%] Built target debug_vect_advertiser
[15.569s] [ 60%] [32m[1mLinking CXX shared library libframe_transforms.so[0m
[15.979s] [ 60%] Built target frame_transforms
[17.786s] [ 70%] [32m[1mLinking CXX executable sensor_combined_listener[0m
[18.325s] [ 70%] Built target sensor_combined_listener
[18.327s] gmake: *** [Makefile:146: all] Error 2
[18.329s] Invoked command in '/home/albertocastro/px4_drone/build/px4_ros_com' returned '2': AMENT_PREFIX_PATH=/home/albertocastro/px4_drone/install/px4_msgs:${AMENT_PREFIX_PATH} CMAKE_PREFIX_PATH=/home/albertocastro/px4_drone/install/px4_msgs:/opt/ros/humble LD_LIBRARY_PATH=/home/albertocastro/px4_drone/install/px4_msgs/lib:${LD_LIBRARY_PATH} PYTHONPATH=/home/albertocastro/px4_drone/install/px4_msgs/local/lib/python3.10/dist-packages:${PYTHONPATH} /usr/bin/cmake --build /home/albertocastro/px4_drone/build/px4_ros_com -- -j4 -l4
