[1.035s] DEBUG:colcon:Command line arguments: ['/usr/bin/colcon', 'build']
[1.035s] DEBUG:colcon:Parsed command line arguments: Namespace(log_base=None, log_level=None, verb_name='build', build_base='build', install_base='install', merge_install=False, symlink_install=False, test_result_base=None, continue_on_error=False, executor='parallel', parallel_workers=4, event_handlers=None, ignore_user_meta=False, metas=['./colcon.meta'], base_paths=['.'], packages_ignore=None, packages_ignore_regex=None, paths=None, packages_up_to=None, packages_up_to_regex=None, packages_above=None, packages_above_and_dependencies=None, packages_above_depth=None, packages_select_by_dep=None, packages_skip_by_dep=None, packages_skip_up_to=None, packages_select_build_failed=False, packages_skip_build_finished=False, packages_select_test_failures=False, packages_skip_test_passed=False, packages_select=None, packages_skip=None, packages_select_regex=None, packages_skip_regex=None, packages_start=None, packages_end=None, allow_overriding=[], cmake_args=None, cmake_target=None, cmake_target_skip_unavailable=False, cmake_clean_cache=False, cmake_clean_first=False, cmake_force_configure=False, ament_cmake_args=None, catkin_cmake_args=None, catkin_skip_building_tests=False, verb_parser=<colcon_defaults.argument_parser.defaults.DefaultArgumentsDecorator object at 0x7f310face3e0>, verb_extension=<colcon_core.verb.build.BuildVerb object at 0x7f310fde3670>, main=<bound method BuildVerb.main of <colcon_core.verb.build.BuildVerb object at 0x7f310fde3670>>)
[1.172s] Level 1:colcon.colcon_core.package_discovery:discover_packages(colcon_meta) check parameters
[1.172s] Level 1:colcon.colcon_core.package_discovery:discover_packages(recursive) check parameters
[1.172s] Level 1:colcon.colcon_core.package_discovery:discover_packages(ignore) check parameters
[1.172s] Level 1:colcon.colcon_core.package_discovery:discover_packages(path) check parameters
[1.172s] Level 1:colcon.colcon_core.package_discovery:discover_packages(colcon_meta) discover
[1.172s] Level 1:colcon.colcon_core.package_discovery:discover_packages(recursive) discover
[1.172s] INFO:colcon.colcon_core.package_discovery:Crawling recursively for packages in '/home/albertocastro/px4_drone'
[1.173s] Level 1:colcon.colcon_core.package_identification:_identify(.) by extensions ['ignore', 'ignore_ament_install']
[1.173s] Level 1:colcon.colcon_core.package_identification:_identify(.) by extension 'ignore'
[1.173s] Level 1:colcon.colcon_core.package_identification:_identify(.) by extension 'ignore_ament_install'
[1.173s] Level 1:colcon.colcon_core.package_identification:_identify(.) by extensions ['colcon_pkg']
[1.173s] Level 1:colcon.colcon_core.package_identification:_identify(.) by extension 'colcon_pkg'
[1.173s] Level 1:colcon.colcon_core.package_identification:_identify(.) by extensions ['colcon_meta']
[1.173s] Level 1:colcon.colcon_core.package_identification:_identify(.) by extension 'colcon_meta'
[1.173s] Level 1:colcon.colcon_core.package_identification:_identify(.) by extensions ['ros']
[1.174s] Level 1:colcon.colcon_core.package_identification:_identify(.) by extension 'ros'
[1.214s] Level 1:colcon.colcon_core.package_identification:_identify(.) by extensions ['cmake', 'python']
[1.214s] Level 1:colcon.colcon_core.package_identification:_identify(.) by extension 'cmake'
[1.215s] Level 1:colcon.colcon_core.package_identification:_identify(.) by extension 'python'
[1.215s] Level 1:colcon.colcon_core.package_identification:_identify(.) by extensions ['python_setup_py']
[1.215s] Level 1:colcon.colcon_core.package_identification:_identify(.) by extension 'python_setup_py'
[1.215s] Level 1:colcon.colcon_core.package_identification:_identify(build) by extensions ['ignore', 'ignore_ament_install']
[1.215s] Level 1:colcon.colcon_core.package_identification:_identify(build) by extension 'ignore'
[1.215s] Level 1:colcon.colcon_core.package_identification:_identify(build) ignored
[1.215s] Level 1:colcon.colcon_core.package_identification:_identify(install) by extensions ['ignore', 'ignore_ament_install']
[1.215s] Level 1:colcon.colcon_core.package_identification:_identify(install) by extension 'ignore'
[1.215s] Level 1:colcon.colcon_core.package_identification:_identify(install) ignored
[1.216s] Level 1:colcon.colcon_core.package_identification:_identify(log) by extensions ['ignore', 'ignore_ament_install']
[1.216s] Level 1:colcon.colcon_core.package_identification:_identify(log) by extension 'ignore'
[1.216s] Level 1:colcon.colcon_core.package_identification:_identify(log) ignored
[1.216s] Level 1:colcon.colcon_core.package_identification:_identify(src) by extensions ['ignore', 'ignore_ament_install']
[1.216s] Level 1:colcon.colcon_core.package_identification:_identify(src) by extension 'ignore'
[1.216s] Level 1:colcon.colcon_core.package_identification:_identify(src) by extension 'ignore_ament_install'
[1.216s] Level 1:colcon.colcon_core.package_identification:_identify(src) by extensions ['colcon_pkg']
[1.216s] Level 1:colcon.colcon_core.package_identification:_identify(src) by extension 'colcon_pkg'
[1.216s] Level 1:colcon.colcon_core.package_identification:_identify(src) by extensions ['colcon_meta']
[1.216s] Level 1:colcon.colcon_core.package_identification:_identify(src) by extension 'colcon_meta'
[1.216s] Level 1:colcon.colcon_core.package_identification:_identify(src) by extensions ['ros']
[1.216s] Level 1:colcon.colcon_core.package_identification:_identify(src) by extension 'ros'
[1.216s] Level 1:colcon.colcon_core.package_identification:_identify(src) by extensions ['cmake', 'python']
[1.217s] Level 1:colcon.colcon_core.package_identification:_identify(src) by extension 'cmake'
[1.217s] Level 1:colcon.colcon_core.package_identification:_identify(src) by extension 'python'
[1.217s] Level 1:colcon.colcon_core.package_identification:_identify(src) by extensions ['python_setup_py']
[1.217s] Level 1:colcon.colcon_core.package_identification:_identify(src) by extension 'python_setup_py'
[1.217s] Level 1:colcon.colcon_core.package_identification:_identify(src/px4_control) by extensions ['ignore', 'ignore_ament_install']
[1.217s] Level 1:colcon.colcon_core.package_identification:_identify(src/px4_control) by extension 'ignore'
[1.217s] Level 1:colcon.colcon_core.package_identification:_identify(src/px4_control) by extension 'ignore_ament_install'
[1.217s] Level 1:colcon.colcon_core.package_identification:_identify(src/px4_control) by extensions ['colcon_pkg']
[1.217s] Level 1:colcon.colcon_core.package_identification:_identify(src/px4_control) by extension 'colcon_pkg'
[1.217s] Level 1:colcon.colcon_core.package_identification:_identify(src/px4_control) by extensions ['colcon_meta']
[1.217s] Level 1:colcon.colcon_core.package_identification:_identify(src/px4_control) by extension 'colcon_meta'
[1.217s] Level 1:colcon.colcon_core.package_identification:_identify(src/px4_control) by extensions ['ros']
[1.217s] Level 1:colcon.colcon_core.package_identification:_identify(src/px4_control) by extension 'ros'
[1.227s] DEBUG:colcon.colcon_core.package_identification:Package 'src/px4_control' with type 'ros.ament_python' and name 'px4_control'
[1.228s] Level 1:colcon.colcon_core.package_identification:_identify(src/px4_msgs) by extensions ['ignore', 'ignore_ament_install']
[1.228s] Level 1:colcon.colcon_core.package_identification:_identify(src/px4_msgs) by extension 'ignore'
[1.228s] Level 1:colcon.colcon_core.package_identification:_identify(src/px4_msgs) by extension 'ignore_ament_install'
[1.228s] Level 1:colcon.colcon_core.package_identification:_identify(src/px4_msgs) by extensions ['colcon_pkg']
[1.228s] Level 1:colcon.colcon_core.package_identification:_identify(src/px4_msgs) by extension 'colcon_pkg'
[1.229s] Level 1:colcon.colcon_core.package_identification:_identify(src/px4_msgs) by extensions ['colcon_meta']
[1.229s] Level 1:colcon.colcon_core.package_identification:_identify(src/px4_msgs) by extension 'colcon_meta'
[1.229s] Level 1:colcon.colcon_core.package_identification:_identify(src/px4_msgs) by extensions ['ros']
[1.229s] Level 1:colcon.colcon_core.package_identification:_identify(src/px4_msgs) by extension 'ros'
[1.231s] DEBUG:colcon.colcon_core.package_identification:Package 'src/px4_msgs' with type 'ros.ament_cmake' and name 'px4_msgs'
[1.233s] Level 1:colcon.colcon_core.package_identification:_identify(src/px4_ros_com) by extensions ['ignore', 'ignore_ament_install']
[1.233s] Level 1:colcon.colcon_core.package_identification:_identify(src/px4_ros_com) by extension 'ignore'
[1.233s] Level 1:colcon.colcon_core.package_identification:_identify(src/px4_ros_com) by extension 'ignore_ament_install'
[1.233s] Level 1:colcon.colcon_core.package_identification:_identify(src/px4_ros_com) by extensions ['colcon_pkg']
[1.233s] Level 1:colcon.colcon_core.package_identification:_identify(src/px4_ros_com) by extension 'colcon_pkg'
[1.233s] Level 1:colcon.colcon_core.package_identification:_identify(src/px4_ros_com) by extensions ['colcon_meta']
[1.233s] Level 1:colcon.colcon_core.package_identification:_identify(src/px4_ros_com) by extension 'colcon_meta'
[1.233s] Level 1:colcon.colcon_core.package_identification:_identify(src/px4_ros_com) by extensions ['ros']
[1.234s] Level 1:colcon.colcon_core.package_identification:_identify(src/px4_ros_com) by extension 'ros'
[1.237s] DEBUG:colcon.colcon_core.package_identification:Package 'src/px4_ros_com' with type 'ros.ament_cmake' and name 'px4_ros_com'
[1.237s] Level 1:colcon.colcon_core.package_identification:_identify(venv) by extensions ['ignore', 'ignore_ament_install']
[1.237s] Level 1:colcon.colcon_core.package_identification:_identify(venv) by extension 'ignore'
[1.239s] Level 1:colcon.colcon_core.package_identification:_identify(venv) ignored
[1.239s] Level 1:colcon.colcon_core.package_discovery:discover_packages(recursive) using defaults
[1.239s] Level 1:colcon.colcon_core.package_discovery:discover_packages(ignore) discover
[1.239s] Level 1:colcon.colcon_core.package_discovery:discover_packages(ignore) using defaults
[1.239s] Level 1:colcon.colcon_core.package_discovery:discover_packages(path) discover
[1.239s] Level 1:colcon.colcon_core.package_discovery:discover_packages(path) using defaults
[1.317s] Level 1:colcon.colcon_core.package_discovery:discover_packages(prefix_path) check parameters
[1.317s] Level 1:colcon.colcon_core.package_discovery:discover_packages(prefix_path) discover
[1.335s] DEBUG:colcon.colcon_installed_package_information.package_discovery:Found 3 installed packages in /home/albertocastro/px4_drone/install
[1.339s] DEBUG:colcon.colcon_installed_package_information.package_discovery:Found 291 installed packages in /opt/ros/humble
[1.341s] Level 1:colcon.colcon_core.package_discovery:discover_packages(prefix_path) using defaults
[1.487s] Level 5:colcon.colcon_core.verb:set package 'px4_control' build argument 'cmake_args' from command line to 'None'
[1.487s] Level 5:colcon.colcon_core.verb:set package 'px4_control' build argument 'cmake_target' from command line to 'None'
[1.487s] Level 5:colcon.colcon_core.verb:set package 'px4_control' build argument 'cmake_target_skip_unavailable' from command line to 'False'
[1.487s] Level 5:colcon.colcon_core.verb:set package 'px4_control' build argument 'cmake_clean_cache' from command line to 'False'
[1.487s] Level 5:colcon.colcon_core.verb:set package 'px4_control' build argument 'cmake_clean_first' from command line to 'False'
[1.487s] Level 5:colcon.colcon_core.verb:set package 'px4_control' build argument 'cmake_force_configure' from command line to 'False'
[1.487s] Level 5:colcon.colcon_core.verb:set package 'px4_control' build argument 'ament_cmake_args' from command line to 'None'
[1.487s] Level 5:colcon.colcon_core.verb:set package 'px4_control' build argument 'catkin_cmake_args' from command line to 'None'
[1.487s] Level 5:colcon.colcon_core.verb:set package 'px4_control' build argument 'catkin_skip_building_tests' from command line to 'False'
[1.487s] DEBUG:colcon.colcon_core.verb:Building package 'px4_control' with the following arguments: {'ament_cmake_args': None, 'build_base': '/home/albertocastro/px4_drone/build/px4_control', 'catkin_cmake_args': None, 'catkin_skip_building_tests': False, 'cmake_args': None, 'cmake_clean_cache': False, 'cmake_clean_first': False, 'cmake_force_configure': False, 'cmake_target': None, 'cmake_target_skip_unavailable': False, 'install_base': '/home/albertocastro/px4_drone/install/px4_control', 'merge_install': False, 'path': '/home/albertocastro/px4_drone/src/px4_control', 'symlink_install': False, 'test_result_base': None}
[1.488s] Level 5:colcon.colcon_core.verb:set package 'px4_msgs' build argument 'cmake_args' from command line to 'None'
[1.488s] Level 5:colcon.colcon_core.verb:set package 'px4_msgs' build argument 'cmake_target' from command line to 'None'
[1.489s] Level 5:colcon.colcon_core.verb:set package 'px4_msgs' build argument 'cmake_target_skip_unavailable' from command line to 'False'
[1.489s] Level 5:colcon.colcon_core.verb:set package 'px4_msgs' build argument 'cmake_clean_cache' from command line to 'False'
[1.489s] Level 5:colcon.colcon_core.verb:set package 'px4_msgs' build argument 'cmake_clean_first' from command line to 'False'
[1.489s] Level 5:colcon.colcon_core.verb:set package 'px4_msgs' build argument 'cmake_force_configure' from command line to 'False'
[1.489s] Level 5:colcon.colcon_core.verb:set package 'px4_msgs' build argument 'ament_cmake_args' from command line to 'None'
[1.489s] Level 5:colcon.colcon_core.verb:set package 'px4_msgs' build argument 'catkin_cmake_args' from command line to 'None'
[1.489s] Level 5:colcon.colcon_core.verb:set package 'px4_msgs' build argument 'catkin_skip_building_tests' from command line to 'False'
[1.489s] DEBUG:colcon.colcon_core.verb:Building package 'px4_msgs' with the following arguments: {'ament_cmake_args': None, 'build_base': '/home/albertocastro/px4_drone/build/px4_msgs', 'catkin_cmake_args': None, 'catkin_skip_building_tests': False, 'cmake_args': None, 'cmake_clean_cache': False, 'cmake_clean_first': False, 'cmake_force_configure': False, 'cmake_target': None, 'cmake_target_skip_unavailable': False, 'install_base': '/home/albertocastro/px4_drone/install/px4_msgs', 'merge_install': False, 'path': '/home/albertocastro/px4_drone/src/px4_msgs', 'symlink_install': False, 'test_result_base': None}
[1.490s] Level 5:colcon.colcon_core.verb:set package 'px4_ros_com' build argument 'cmake_args' from command line to 'None'
[1.490s] Level 5:colcon.colcon_core.verb:set package 'px4_ros_com' build argument 'cmake_target' from command line to 'None'
[1.490s] Level 5:colcon.colcon_core.verb:set package 'px4_ros_com' build argument 'cmake_target_skip_unavailable' from command line to 'False'
[1.490s] Level 5:colcon.colcon_core.verb:set package 'px4_ros_com' build argument 'cmake_clean_cache' from command line to 'False'
[1.490s] Level 5:colcon.colcon_core.verb:set package 'px4_ros_com' build argument 'cmake_clean_first' from command line to 'False'
[1.490s] Level 5:colcon.colcon_core.verb:set package 'px4_ros_com' build argument 'cmake_force_configure' from command line to 'False'
[1.490s] Level 5:colcon.colcon_core.verb:set package 'px4_ros_com' build argument 'ament_cmake_args' from command line to 'None'
[1.490s] Level 5:colcon.colcon_core.verb:set package 'px4_ros_com' build argument 'catkin_cmake_args' from command line to 'None'
[1.490s] Level 5:colcon.colcon_core.verb:set package 'px4_ros_com' build argument 'catkin_skip_building_tests' from command line to 'False'
[1.491s] DEBUG:colcon.colcon_core.verb:Building package 'px4_ros_com' with the following arguments: {'ament_cmake_args': None, 'build_base': '/home/albertocastro/px4_drone/build/px4_ros_com', 'catkin_cmake_args': None, 'catkin_skip_building_tests': False, 'cmake_args': None, 'cmake_clean_cache': False, 'cmake_clean_first': False, 'cmake_force_configure': False, 'cmake_target': None, 'cmake_target_skip_unavailable': False, 'install_base': '/home/albertocastro/px4_drone/install/px4_ros_com', 'merge_install': False, 'path': '/home/albertocastro/px4_drone/src/px4_ros_com', 'symlink_install': False, 'test_result_base': None}
[1.491s] INFO:colcon.colcon_core.executor:Executing jobs using 'parallel' executor
[1.496s] DEBUG:colcon.colcon_parallel_executor.executor.parallel:run_until_complete
[1.496s] INFO:colcon.colcon_ros.task.ament_cmake.build:Building ROS package in '/home/albertocastro/px4_drone/src/px4_msgs' with build type 'ament_cmake'
[1.496s] INFO:colcon.colcon_cmake.task.cmake.build:Building CMake package in '/home/albertocastro/px4_drone/src/px4_msgs'
[1.517s] INFO:colcon.colcon_core.plugin_system:Skipping extension 'colcon_core.shell.bat': Not used on non-Windows systems
[1.517s] INFO:colcon.colcon_core.shell:Skip shell extension 'powershell' for command environment: Not usable outside of PowerShell
[1.518s] DEBUG:colcon.colcon_core.shell:Skip shell extension 'dsv' for command environment
[1.527s] INFO:colcon.colcon_ros.task.ament_python.build:Building ROS package in '/home/albertocastro/px4_drone/src/px4_control' with build type 'ament_python'
[1.528s] Level 1:colcon.colcon_core.shell:create_environment_hook('px4_control', 'ament_prefix_path')
[1.530s] INFO:colcon.colcon_core.shell:Creating environment hook '/home/albertocastro/px4_drone/install/px4_control/share/px4_control/hook/ament_prefix_path.ps1'
[1.535s] INFO:colcon.colcon_core.shell:Creating environment descriptor '/home/albertocastro/px4_drone/install/px4_control/share/px4_control/hook/ament_prefix_path.dsv'
[1.536s] INFO:colcon.colcon_core.shell:Creating environment hook '/home/albertocastro/px4_drone/install/px4_control/share/px4_control/hook/ament_prefix_path.sh'
[1.540s] INFO:colcon.colcon_core.shell:Skip shell extension 'powershell' for command environment: Not usable outside of PowerShell
[1.540s] DEBUG:colcon.colcon_core.shell:Skip shell extension 'dsv' for command environment
[1.553s] DEBUG:colcon.colcon_core.event_handler.log_command:Invoking command in '/home/albertocastro/px4_drone/build/px4_msgs': CMAKE_PREFIX_PATH=${CMAKE_PREFIX_PATH}:/opt/ros/humble PS1=(venv) ${debian_chroot:+($debian_chroot)}\[\033[01;32m\]\u@\h\[\033[00m\]:\[\033[01;34m\]\w\[\033[00m\]\$ VIRTUAL_ENV_PROMPT=(venv) /usr/bin/cmake --build /home/albertocastro/px4_drone/build/px4_msgs -- -j4 -l4
[2.004s] INFO:colcon.colcon_core.task.python.build:Building Python package in '/home/albertocastro/px4_drone/src/px4_control'
[2.006s] INFO:colcon.colcon_core.shell:Skip shell extension 'powershell' for command environment: Not usable outside of PowerShell
[2.006s] DEBUG:colcon.colcon_core.shell:Skip shell extension 'dsv' for command environment
[3.841s] DEBUG:colcon.colcon_core.event_handler.log_command:Invoking command in '/home/albertocastro/px4_drone/src/px4_control': PS1=(venv) ${debian_chroot:+($debian_chroot)}\[\033[01;32m\]\u@\h\[\033[00m\]:\[\033[01;34m\]\w\[\033[00m\]\$ PYTHONPATH=/home/albertocastro/px4_drone/build/px4_control/prefix_override:/home/albertocastro/px4_drone/install/px4_control/lib/python3.10/site-packages:${PYTHONPATH} VIRTUAL_ENV_PROMPT=(venv) /usr/bin/python3 setup.py egg_info --egg-base ../../build/px4_control build --build-base /home/albertocastro/px4_drone/build/px4_control/build install --record /home/albertocastro/px4_drone/build/px4_control/install.log --single-version-externally-managed
[4.424s] DEBUG:colcon.colcon_core.event_handler.log_command:Invoked command in '/home/albertocastro/px4_drone/build/px4_msgs' returned '0': CMAKE_PREFIX_PATH=${CMAKE_PREFIX_PATH}:/opt/ros/humble PS1=(venv) ${debian_chroot:+($debian_chroot)}\[\033[01;32m\]\u@\h\[\033[00m\]:\[\033[01;34m\]\w\[\033[00m\]\$ VIRTUAL_ENV_PROMPT=(venv) /usr/bin/cmake --build /home/albertocastro/px4_drone/build/px4_msgs -- -j4 -l4
[5.147s] DEBUG:colcon.colcon_core.event_handler.log_command:Invoked command in '/home/albertocastro/px4_drone/src/px4_control' returned '0': PS1=(venv) ${debian_chroot:+($debian_chroot)}\[\033[01;32m\]\u@\h\[\033[00m\]:\[\033[01;34m\]\w\[\033[00m\]\$ PYTHONPATH=/home/albertocastro/px4_drone/build/px4_control/prefix_override:/home/albertocastro/px4_drone/install/px4_control/lib/python3.10/site-packages:${PYTHONPATH} VIRTUAL_ENV_PROMPT=(venv) /usr/bin/python3 setup.py egg_info --egg-base ../../build/px4_control build --build-base /home/albertocastro/px4_drone/build/px4_control/build install --record /home/albertocastro/px4_drone/build/px4_control/install.log --single-version-externally-managed
[5.182s] Level 1:colcon.colcon_core.environment:checking '/home/albertocastro/px4_drone/install/px4_control' for CMake module files
[5.184s] Level 1:colcon.colcon_core.environment:checking '/home/albertocastro/px4_drone/install/px4_control' for CMake config files
[5.188s] Level 1:colcon.colcon_core.shell:create_environment_hook('px4_control', 'cmake_prefix_path')
[5.192s] INFO:colcon.colcon_core.shell:Creating environment hook '/home/albertocastro/px4_drone/install/px4_control/share/px4_control/hook/cmake_prefix_path.ps1'
[5.195s] INFO:colcon.colcon_core.shell:Creating environment descriptor '/home/albertocastro/px4_drone/install/px4_control/share/px4_control/hook/cmake_prefix_path.dsv'
[5.199s] INFO:colcon.colcon_core.shell:Creating environment hook '/home/albertocastro/px4_drone/install/px4_control/share/px4_control/hook/cmake_prefix_path.sh'
[5.202s] Level 1:colcon.colcon_core.environment:checking '/home/albertocastro/px4_drone/install/px4_control/lib'
[5.203s] Level 1:colcon.colcon_core.environment:checking '/home/albertocastro/px4_drone/install/px4_control/bin'
[5.203s] Level 1:colcon.colcon_core.environment:checking '/home/albertocastro/px4_drone/install/px4_control/lib/pkgconfig/px4_control.pc'
[5.204s] Level 1:colcon.colcon_core.environment:checking '/home/albertocastro/px4_drone/install/px4_control/lib/python3.10/site-packages'
[5.204s] Level 1:colcon.colcon_core.shell:create_environment_hook('px4_control', 'pythonpath')
[5.208s] INFO:colcon.colcon_core.shell:Creating environment hook '/home/albertocastro/px4_drone/install/px4_control/share/px4_control/hook/pythonpath.ps1'
[5.209s] INFO:colcon.colcon_core.shell:Creating environment descriptor '/home/albertocastro/px4_drone/install/px4_control/share/px4_control/hook/pythonpath.dsv'
[5.213s] INFO:colcon.colcon_core.shell:Creating environment hook '/home/albertocastro/px4_drone/install/px4_control/share/px4_control/hook/pythonpath.sh'
[5.215s] Level 1:colcon.colcon_core.environment:checking '/home/albertocastro/px4_drone/install/px4_control/bin'
[5.215s] Level 1:colcon.colcon_core.environment:create_environment_scripts_only(px4_control)
[5.220s] INFO:colcon.colcon_core.shell:Creating package script '/home/albertocastro/px4_drone/install/px4_control/share/px4_control/package.ps1'
[5.224s] INFO:colcon.colcon_core.shell:Creating package descriptor '/home/albertocastro/px4_drone/install/px4_control/share/px4_control/package.dsv'
[5.228s] INFO:colcon.colcon_core.shell:Creating package script '/home/albertocastro/px4_drone/install/px4_control/share/px4_control/package.sh'
[5.231s] INFO:colcon.colcon_core.shell:Creating package script '/home/albertocastro/px4_drone/install/px4_control/share/px4_control/package.bash'
[5.234s] INFO:colcon.colcon_core.shell:Creating package script '/home/albertocastro/px4_drone/install/px4_control/share/px4_control/package.zsh'
[5.238s] Level 1:colcon.colcon_core.environment:create_file_with_runtime_dependencies(/home/albertocastro/px4_drone/install/px4_control/share/colcon-core/packages/px4_control)
[10.540s] DEBUG:colcon.colcon_core.event_handler.log_command:Invoking command in '/home/albertocastro/px4_drone/build/px4_msgs': CMAKE_PREFIX_PATH=${CMAKE_PREFIX_PATH}:/opt/ros/humble PS1=(venv) ${debian_chroot:+($debian_chroot)}\[\033[01;32m\]\u@\h\[\033[00m\]:\[\033[01;34m\]\w\[\033[00m\]\$ VIRTUAL_ENV_PROMPT=(venv) /usr/bin/cmake --install /home/albertocastro/px4_drone/build/px4_msgs
[11.409s] Level 1:colcon.colcon_core.environment:create_environment_scripts_only(px4_msgs)
[11.413s] Level 1:colcon.colcon_core.environment:checking '/home/albertocastro/px4_drone/install/px4_msgs' for CMake module files
[11.415s] Level 1:colcon.colcon_core.environment:checking '/home/albertocastro/px4_drone/install/px4_msgs' for CMake config files
[11.416s] DEBUG:colcon.colcon_core.event_handler.log_command:Invoked command in '/home/albertocastro/px4_drone/build/px4_msgs' returned '0': CMAKE_PREFIX_PATH=${CMAKE_PREFIX_PATH}:/opt/ros/humble PS1=(venv) ${debian_chroot:+($debian_chroot)}\[\033[01;32m\]\u@\h\[\033[00m\]:\[\033[01;34m\]\w\[\033[00m\]\$ VIRTUAL_ENV_PROMPT=(venv) /usr/bin/cmake --install /home/albertocastro/px4_drone/build/px4_msgs
[11.430s] Level 1:colcon.colcon_core.shell:create_environment_hook('px4_msgs', 'cmake_prefix_path')
[11.432s] INFO:colcon.colcon_core.shell:Creating environment hook '/home/albertocastro/px4_drone/install/px4_msgs/share/px4_msgs/hook/cmake_prefix_path.ps1'
[11.433s] INFO:colcon.colcon_core.shell:Creating environment descriptor '/home/albertocastro/px4_drone/install/px4_msgs/share/px4_msgs/hook/cmake_prefix_path.dsv'
[11.434s] INFO:colcon.colcon_core.shell:Creating environment hook '/home/albertocastro/px4_drone/install/px4_msgs/share/px4_msgs/hook/cmake_prefix_path.sh'
[11.435s] Level 1:colcon.colcon_core.environment:checking '/home/albertocastro/px4_drone/install/px4_msgs/lib'
[11.435s] Level 1:colcon.colcon_core.shell:create_environment_hook('px4_msgs', 'ld_library_path_lib')
[11.438s] INFO:colcon.colcon_core.shell:Creating environment hook '/home/albertocastro/px4_drone/install/px4_msgs/share/px4_msgs/hook/ld_library_path_lib.ps1'
[11.440s] INFO:colcon.colcon_core.shell:Creating environment descriptor '/home/albertocastro/px4_drone/install/px4_msgs/share/px4_msgs/hook/ld_library_path_lib.dsv'
[11.441s] INFO:colcon.colcon_core.shell:Creating environment hook '/home/albertocastro/px4_drone/install/px4_msgs/share/px4_msgs/hook/ld_library_path_lib.sh'
[11.442s] Level 1:colcon.colcon_core.environment:checking '/home/albertocastro/px4_drone/install/px4_msgs/bin'
[11.442s] Level 1:colcon.colcon_core.environment:checking '/home/albertocastro/px4_drone/install/px4_msgs/lib/pkgconfig/px4_msgs.pc'
[11.442s] Level 1:colcon.colcon_core.environment:checking '/home/albertocastro/px4_drone/install/px4_msgs/lib/python3.10/site-packages'
[11.443s] Level 1:colcon.colcon_core.environment:checking '/home/albertocastro/px4_drone/install/px4_msgs/bin'
[11.446s] INFO:colcon.colcon_core.shell:Creating package script '/home/albertocastro/px4_drone/install/px4_msgs/share/px4_msgs/package.ps1'
[11.447s] INFO:colcon.colcon_core.shell:Creating package descriptor '/home/albertocastro/px4_drone/install/px4_msgs/share/px4_msgs/package.dsv'
[11.448s] INFO:colcon.colcon_core.shell:Creating package script '/home/albertocastro/px4_drone/install/px4_msgs/share/px4_msgs/package.sh'
[11.448s] INFO:colcon.colcon_core.shell:Creating package script '/home/albertocastro/px4_drone/install/px4_msgs/share/px4_msgs/package.bash'
[11.449s] INFO:colcon.colcon_core.shell:Creating package script '/home/albertocastro/px4_drone/install/px4_msgs/share/px4_msgs/package.zsh'
[11.450s] Level 1:colcon.colcon_core.environment:create_file_with_runtime_dependencies(/home/albertocastro/px4_drone/install/px4_msgs/share/colcon-core/packages/px4_msgs)
[18.134s] Level 1:colcon.colcon_core.environment:create_environment_scripts_only(px4_msgs)
[18.137s] Level 1:colcon.colcon_core.environment:checking '/home/albertocastro/px4_drone/install/px4_msgs' for CMake module files
[18.138s] Level 1:colcon.colcon_core.environment:checking '/home/albertocastro/px4_drone/install/px4_msgs' for CMake config files
[18.143s] Level 1:colcon.colcon_core.shell:create_environment_hook('px4_msgs', 'cmake_prefix_path')
[18.145s] INFO:colcon.colcon_core.shell:Creating environment hook '/home/albertocastro/px4_drone/install/px4_msgs/share/px4_msgs/hook/cmake_prefix_path.ps1'
[18.146s] INFO:colcon.colcon_core.shell:Creating environment descriptor '/home/albertocastro/px4_drone/install/px4_msgs/share/px4_msgs/hook/cmake_prefix_path.dsv'
[18.146s] INFO:colcon.colcon_core.shell:Creating environment hook '/home/albertocastro/px4_drone/install/px4_msgs/share/px4_msgs/hook/cmake_prefix_path.sh'
[18.147s] Level 1:colcon.colcon_core.environment:checking '/home/albertocastro/px4_drone/install/px4_msgs/lib'
[18.147s] Level 1:colcon.colcon_core.shell:create_environment_hook('px4_msgs', 'ld_library_path_lib')
[18.149s] INFO:colcon.colcon_core.shell:Creating environment hook '/home/albertocastro/px4_drone/install/px4_msgs/share/px4_msgs/hook/ld_library_path_lib.ps1'
[18.150s] INFO:colcon.colcon_core.shell:Creating environment descriptor '/home/albertocastro/px4_drone/install/px4_msgs/share/px4_msgs/hook/ld_library_path_lib.dsv'
[18.150s] INFO:colcon.colcon_core.shell:Creating environment hook '/home/albertocastro/px4_drone/install/px4_msgs/share/px4_msgs/hook/ld_library_path_lib.sh'
[18.151s] Level 1:colcon.colcon_core.environment:checking '/home/albertocastro/px4_drone/install/px4_msgs/bin'
[18.151s] Level 1:colcon.colcon_core.environment:checking '/home/albertocastro/px4_drone/install/px4_msgs/lib/pkgconfig/px4_msgs.pc'
[18.151s] Level 1:colcon.colcon_core.environment:checking '/home/albertocastro/px4_drone/install/px4_msgs/lib/python3.10/site-packages'
[18.151s] Level 1:colcon.colcon_core.environment:checking '/home/albertocastro/px4_drone/install/px4_msgs/bin'
[18.153s] INFO:colcon.colcon_core.shell:Creating package script '/home/albertocastro/px4_drone/install/px4_msgs/share/px4_msgs/package.ps1'
[18.154s] INFO:colcon.colcon_core.shell:Creating package descriptor '/home/albertocastro/px4_drone/install/px4_msgs/share/px4_msgs/package.dsv'
[18.156s] INFO:colcon.colcon_core.shell:Creating package script '/home/albertocastro/px4_drone/install/px4_msgs/share/px4_msgs/package.sh'
[18.156s] INFO:colcon.colcon_core.shell:Creating package script '/home/albertocastro/px4_drone/install/px4_msgs/share/px4_msgs/package.bash'
[18.157s] INFO:colcon.colcon_core.shell:Creating package script '/home/albertocastro/px4_drone/install/px4_msgs/share/px4_msgs/package.zsh'
[18.158s] Level 1:colcon.colcon_core.environment:create_file_with_runtime_dependencies(/home/albertocastro/px4_drone/install/px4_msgs/share/colcon-core/packages/px4_msgs)
[18.159s] INFO:colcon.colcon_ros.task.ament_cmake.build:Building ROS package in '/home/albertocastro/px4_drone/src/px4_ros_com' with build type 'ament_cmake'
[18.159s] INFO:colcon.colcon_cmake.task.cmake.build:Building CMake package in '/home/albertocastro/px4_drone/src/px4_ros_com'
[18.161s] INFO:colcon.colcon_core.shell:Skip shell extension 'powershell' for command environment: Not usable outside of PowerShell
[18.161s] DEBUG:colcon.colcon_core.shell:Skip shell extension 'dsv' for command environment
[18.189s] DEBUG:colcon.colcon_core.event_handler.log_command:Invoking command in '/home/albertocastro/px4_drone/build/px4_ros_com': CMAKE_PREFIX_PATH=/home/albertocastro/px4_drone/install/px4_msgs:/home/albertocastro/px4_drone/install/px4_ros_com:/home/albertocastro/px4_drone/install/px4_control:/opt/ros/humble LD_LIBRARY_PATH=/home/albertocastro/px4_drone/install/px4_msgs/lib:/home/albertocastro/px4_drone/install/px4_ros_com/lib:/opt/ros/humble/opt/rviz_ogre_vendor/lib:/opt/ros/humble/lib/x86_64-linux-gnu:/opt/ros/humble/lib PS1=(venv) ${debian_chroot:+($debian_chroot)}\[\033[01;32m\]\u@\h\[\033[00m\]:\[\033[01;34m\]\w\[\033[00m\]\$ VIRTUAL_ENV_PROMPT=(venv) /usr/bin/cmake --build /home/albertocastro/px4_drone/build/px4_ros_com -- -j4 -l4
[18.374s] DEBUG:colcon.colcon_core.event_handler.log_command:Invoked command in '/home/albertocastro/px4_drone/build/px4_ros_com' returned '0': CMAKE_PREFIX_PATH=/home/albertocastro/px4_drone/install/px4_msgs:/home/albertocastro/px4_drone/install/px4_ros_com:/home/albertocastro/px4_drone/install/px4_control:/opt/ros/humble LD_LIBRARY_PATH=/home/albertocastro/px4_drone/install/px4_msgs/lib:/home/albertocastro/px4_drone/install/px4_ros_com/lib:/opt/ros/humble/opt/rviz_ogre_vendor/lib:/opt/ros/humble/lib/x86_64-linux-gnu:/opt/ros/humble/lib PS1=(venv) ${debian_chroot:+($debian_chroot)}\[\033[01;32m\]\u@\h\[\033[00m\]:\[\033[01;34m\]\w\[\033[00m\]\$ VIRTUAL_ENV_PROMPT=(venv) /usr/bin/cmake --build /home/albertocastro/px4_drone/build/px4_ros_com -- -j4 -l4
[18.448s] DEBUG:colcon.colcon_core.event_handler.log_command:Invoking command in '/home/albertocastro/px4_drone/build/px4_ros_com': CMAKE_PREFIX_PATH=/home/albertocastro/px4_drone/install/px4_msgs:/home/albertocastro/px4_drone/install/px4_ros_com:/home/albertocastro/px4_drone/install/px4_control:/opt/ros/humble LD_LIBRARY_PATH=/home/albertocastro/px4_drone/install/px4_msgs/lib:/home/albertocastro/px4_drone/install/px4_ros_com/lib:/opt/ros/humble/opt/rviz_ogre_vendor/lib:/opt/ros/humble/lib/x86_64-linux-gnu:/opt/ros/humble/lib PS1=(venv) ${debian_chroot:+($debian_chroot)}\[\033[01;32m\]\u@\h\[\033[00m\]:\[\033[01;34m\]\w\[\033[00m\]\$ VIRTUAL_ENV_PROMPT=(venv) /usr/bin/cmake --install /home/albertocastro/px4_drone/build/px4_ros_com
[18.498s] Level 1:colcon.colcon_core.environment:create_environment_scripts_only(px4_ros_com)
[18.502s] Level 1:colcon.colcon_core.environment:checking '/home/albertocastro/px4_drone/install/px4_ros_com' for CMake module files
[18.504s] Level 1:colcon.colcon_core.environment:checking '/home/albertocastro/px4_drone/install/px4_ros_com' for CMake config files
[18.507s] DEBUG:colcon.colcon_core.event_handler.log_command:Invoked command in '/home/albertocastro/px4_drone/build/px4_ros_com' returned '0': CMAKE_PREFIX_PATH=/home/albertocastro/px4_drone/install/px4_msgs:/home/albertocastro/px4_drone/install/px4_ros_com:/home/albertocastro/px4_drone/install/px4_control:/opt/ros/humble LD_LIBRARY_PATH=/home/albertocastro/px4_drone/install/px4_msgs/lib:/home/albertocastro/px4_drone/install/px4_ros_com/lib:/opt/ros/humble/opt/rviz_ogre_vendor/lib:/opt/ros/humble/lib/x86_64-linux-gnu:/opt/ros/humble/lib PS1=(venv) ${debian_chroot:+($debian_chroot)}\[\033[01;32m\]\u@\h\[\033[00m\]:\[\033[01;34m\]\w\[\033[00m\]\$ VIRTUAL_ENV_PROMPT=(venv) /usr/bin/cmake --install /home/albertocastro/px4_drone/build/px4_ros_com
[18.507s] Level 1:colcon.colcon_core.shell:create_environment_hook('px4_ros_com', 'cmake_prefix_path')
[18.510s] INFO:colcon.colcon_core.shell:Creating environment hook '/home/albertocastro/px4_drone/install/px4_ros_com/share/px4_ros_com/hook/cmake_prefix_path.ps1'
[18.511s] INFO:colcon.colcon_core.shell:Creating environment descriptor '/home/albertocastro/px4_drone/install/px4_ros_com/share/px4_ros_com/hook/cmake_prefix_path.dsv'
[18.512s] INFO:colcon.colcon_core.shell:Creating environment hook '/home/albertocastro/px4_drone/install/px4_ros_com/share/px4_ros_com/hook/cmake_prefix_path.sh'
[18.513s] Level 1:colcon.colcon_core.environment:checking '/home/albertocastro/px4_drone/install/px4_ros_com/lib'
[18.513s] Level 1:colcon.colcon_core.shell:create_environment_hook('px4_ros_com', 'ld_library_path_lib')
[18.516s] INFO:colcon.colcon_core.shell:Creating environment hook '/home/albertocastro/px4_drone/install/px4_ros_com/share/px4_ros_com/hook/ld_library_path_lib.ps1'
[18.517s] INFO:colcon.colcon_core.shell:Creating environment descriptor '/home/albertocastro/px4_drone/install/px4_ros_com/share/px4_ros_com/hook/ld_library_path_lib.dsv'
[18.518s] INFO:colcon.colcon_core.shell:Creating environment hook '/home/albertocastro/px4_drone/install/px4_ros_com/share/px4_ros_com/hook/ld_library_path_lib.sh'
[18.519s] Level 1:colcon.colcon_core.environment:checking '/home/albertocastro/px4_drone/install/px4_ros_com/bin'
[18.519s] Level 1:colcon.colcon_core.environment:checking '/home/albertocastro/px4_drone/install/px4_ros_com/lib/pkgconfig/px4_ros_com.pc'
[18.520s] Level 1:colcon.colcon_core.environment:checking '/home/albertocastro/px4_drone/install/px4_ros_com/lib/python3.10/site-packages'
[18.520s] Level 1:colcon.colcon_core.environment:checking '/home/albertocastro/px4_drone/install/px4_ros_com/bin'
[18.524s] INFO:colcon.colcon_core.shell:Creating package script '/home/albertocastro/px4_drone/install/px4_ros_com/share/px4_ros_com/package.ps1'
[18.525s] INFO:colcon.colcon_core.shell:Creating package descriptor '/home/albertocastro/px4_drone/install/px4_ros_com/share/px4_ros_com/package.dsv'
[18.526s] INFO:colcon.colcon_core.shell:Creating package script '/home/albertocastro/px4_drone/install/px4_ros_com/share/px4_ros_com/package.sh'
[18.527s] INFO:colcon.colcon_core.shell:Creating package script '/home/albertocastro/px4_drone/install/px4_ros_com/share/px4_ros_com/package.bash'
[18.528s] INFO:colcon.colcon_core.shell:Creating package script '/home/albertocastro/px4_drone/install/px4_ros_com/share/px4_ros_com/package.zsh'
[18.528s] Level 1:colcon.colcon_core.environment:create_file_with_runtime_dependencies(/home/albertocastro/px4_drone/install/px4_ros_com/share/colcon-core/packages/px4_ros_com)
[18.591s] Level 1:colcon.colcon_core.environment:create_environment_scripts_only(px4_ros_com)
[18.596s] Level 1:colcon.colcon_core.environment:checking '/home/albertocastro/px4_drone/install/px4_ros_com' for CMake module files
[18.597s] Level 1:colcon.colcon_core.environment:checking '/home/albertocastro/px4_drone/install/px4_ros_com' for CMake config files
[18.598s] Level 1:colcon.colcon_core.shell:create_environment_hook('px4_ros_com', 'cmake_prefix_path')
[18.601s] INFO:colcon.colcon_core.shell:Creating environment hook '/home/albertocastro/px4_drone/install/px4_ros_com/share/px4_ros_com/hook/cmake_prefix_path.ps1'
[18.603s] INFO:colcon.colcon_core.shell:Creating environment descriptor '/home/albertocastro/px4_drone/install/px4_ros_com/share/px4_ros_com/hook/cmake_prefix_path.dsv'
[18.604s] INFO:colcon.colcon_core.shell:Creating environment hook '/home/albertocastro/px4_drone/install/px4_ros_com/share/px4_ros_com/hook/cmake_prefix_path.sh'
[18.605s] Level 1:colcon.colcon_core.environment:checking '/home/albertocastro/px4_drone/install/px4_ros_com/lib'
[18.606s] Level 1:colcon.colcon_core.shell:create_environment_hook('px4_ros_com', 'ld_library_path_lib')
[18.609s] INFO:colcon.colcon_core.shell:Creating environment hook '/home/albertocastro/px4_drone/install/px4_ros_com/share/px4_ros_com/hook/ld_library_path_lib.ps1'
[18.610s] INFO:colcon.colcon_core.shell:Creating environment descriptor '/home/albertocastro/px4_drone/install/px4_ros_com/share/px4_ros_com/hook/ld_library_path_lib.dsv'
[18.611s] INFO:colcon.colcon_core.shell:Creating environment hook '/home/albertocastro/px4_drone/install/px4_ros_com/share/px4_ros_com/hook/ld_library_path_lib.sh'
[18.612s] Level 1:colcon.colcon_core.environment:checking '/home/albertocastro/px4_drone/install/px4_ros_com/bin'
[18.612s] Level 1:colcon.colcon_core.environment:checking '/home/albertocastro/px4_drone/install/px4_ros_com/lib/pkgconfig/px4_ros_com.pc'
[18.612s] Level 1:colcon.colcon_core.environment:checking '/home/albertocastro/px4_drone/install/px4_ros_com/lib/python3.10/site-packages'
[18.613s] Level 1:colcon.colcon_core.environment:checking '/home/albertocastro/px4_drone/install/px4_ros_com/bin'
[18.615s] INFO:colcon.colcon_core.shell:Creating package script '/home/albertocastro/px4_drone/install/px4_ros_com/share/px4_ros_com/package.ps1'
[18.616s] INFO:colcon.colcon_core.shell:Creating package descriptor '/home/albertocastro/px4_drone/install/px4_ros_com/share/px4_ros_com/package.dsv'
[18.618s] INFO:colcon.colcon_core.shell:Creating package script '/home/albertocastro/px4_drone/install/px4_ros_com/share/px4_ros_com/package.sh'
[18.619s] INFO:colcon.colcon_core.shell:Creating package script '/home/albertocastro/px4_drone/install/px4_ros_com/share/px4_ros_com/package.bash'
[18.620s] INFO:colcon.colcon_core.shell:Creating package script '/home/albertocastro/px4_drone/install/px4_ros_com/share/px4_ros_com/package.zsh'
[18.621s] Level 1:colcon.colcon_core.environment:create_file_with_runtime_dependencies(/home/albertocastro/px4_drone/install/px4_ros_com/share/colcon-core/packages/px4_ros_com)
[18.622s] DEBUG:colcon.colcon_parallel_executor.executor.parallel:closing loop
[18.624s] DEBUG:colcon.colcon_parallel_executor.executor.parallel:loop closed
[18.624s] DEBUG:colcon.colcon_parallel_executor.executor.parallel:run_until_complete finished with '0'
[18.624s] DEBUG:colcon.colcon_core.event_reactor:joining thread
[18.657s] INFO:colcon.colcon_core.plugin_system:Skipping extension 'colcon_notification.desktop_notification.terminal_notifier': Not used on non-Darwin systems
[18.658s] INFO:colcon.colcon_core.plugin_system:Skipping extension 'colcon_notification.desktop_notification.win32': Not used on non-Windows systems
[18.658s] INFO:colcon.colcon_notification.desktop_notification:Sending desktop notification using 'notify2'
[18.696s] DEBUG:colcon.colcon_core.event_reactor:joined thread
[18.699s] INFO:colcon.colcon_core.shell:Creating prefix script '/home/albertocastro/px4_drone/install/local_setup.ps1'
[18.701s] INFO:colcon.colcon_core.shell:Creating prefix util module '/home/albertocastro/px4_drone/install/_local_setup_util_ps1.py'
[18.706s] INFO:colcon.colcon_core.shell:Creating prefix chain script '/home/albertocastro/px4_drone/install/setup.ps1'
[18.711s] INFO:colcon.colcon_core.shell:Creating prefix script '/home/albertocastro/px4_drone/install/local_setup.sh'
[18.712s] INFO:colcon.colcon_core.shell:Creating prefix util module '/home/albertocastro/px4_drone/install/_local_setup_util_sh.py'
[18.714s] INFO:colcon.colcon_core.shell:Creating prefix chain script '/home/albertocastro/px4_drone/install/setup.sh'
[18.718s] INFO:colcon.colcon_core.shell:Creating prefix script '/home/albertocastro/px4_drone/install/local_setup.bash'
[18.721s] INFO:colcon.colcon_core.shell:Creating prefix chain script '/home/albertocastro/px4_drone/install/setup.bash'
[18.727s] INFO:colcon.colcon_core.shell:Creating prefix script '/home/albertocastro/px4_drone/install/local_setup.zsh'
[18.729s] INFO:colcon.colcon_core.shell:Creating prefix chain script '/home/albertocastro/px4_drone/install/setup.zsh'
