[1.077s] DEBUG:colcon:Command line arguments: ['/usr/bin/colcon', 'build']
[1.077s] DEBUG:colcon:Parsed command line arguments: Namespace(log_base=None, log_level=None, verb_name='build', build_base='build', install_base='install', merge_install=False, symlink_install=False, test_result_base=None, continue_on_error=False, executor='parallel', parallel_workers=4, event_handlers=None, ignore_user_meta=False, metas=['./colcon.meta'], base_paths=['.'], packages_ignore=None, packages_ignore_regex=None, paths=None, packages_up_to=None, packages_up_to_regex=None, packages_above=None, packages_above_and_dependencies=None, packages_above_depth=None, packages_select_by_dep=None, packages_skip_by_dep=None, packages_skip_up_to=None, packages_select_build_failed=False, packages_skip_build_finished=False, packages_select_test_failures=False, packages_skip_test_passed=False, packages_select=None, packages_skip=None, packages_select_regex=None, packages_skip_regex=None, packages_start=None, packages_end=None, allow_overriding=[], cmake_args=None, cmake_target=None, cmake_target_skip_unavailable=False, cmake_clean_cache=False, cmake_clean_first=False, cmake_force_configure=False, ament_cmake_args=None, catkin_cmake_args=None, catkin_skip_building_tests=False, verb_parser=<colcon_defaults.argument_parser.defaults.DefaultArgumentsDecorator object at 0x7fdb3b2e1f90>, verb_extension=<colcon_core.verb.build.BuildVerb object at 0x7fdb3b4d9d80>, main=<bound method BuildVerb.main of <colcon_core.verb.build.BuildVerb object at 0x7fdb3b4d9d80>>)
[1.210s] Level 1:colcon.colcon_core.package_discovery:discover_packages(colcon_meta) check parameters
[1.210s] Level 1:colcon.colcon_core.package_discovery:discover_packages(recursive) check parameters
[1.210s] Level 1:colcon.colcon_core.package_discovery:discover_packages(ignore) check parameters
[1.210s] Level 1:colcon.colcon_core.package_discovery:discover_packages(path) check parameters
[1.210s] Level 1:colcon.colcon_core.package_discovery:discover_packages(colcon_meta) discover
[1.210s] Level 1:colcon.colcon_core.package_discovery:discover_packages(recursive) discover
[1.210s] INFO:colcon.colcon_core.package_discovery:Crawling recursively for packages in '/home/albertocastro/px4_drone'
[1.210s] Level 1:colcon.colcon_core.package_identification:_identify(.) by extensions ['ignore', 'ignore_ament_install']
[1.210s] Level 1:colcon.colcon_core.package_identification:_identify(.) by extension 'ignore'
[1.211s] Level 1:colcon.colcon_core.package_identification:_identify(.) by extension 'ignore_ament_install'
[1.211s] Level 1:colcon.colcon_core.package_identification:_identify(.) by extensions ['colcon_pkg']
[1.211s] Level 1:colcon.colcon_core.package_identification:_identify(.) by extension 'colcon_pkg'
[1.211s] Level 1:colcon.colcon_core.package_identification:_identify(.) by extensions ['colcon_meta']
[1.211s] Level 1:colcon.colcon_core.package_identification:_identify(.) by extension 'colcon_meta'
[1.211s] Level 1:colcon.colcon_core.package_identification:_identify(.) by extensions ['ros']
[1.211s] Level 1:colcon.colcon_core.package_identification:_identify(.) by extension 'ros'
[1.251s] Level 1:colcon.colcon_core.package_identification:_identify(.) by extensions ['cmake', 'python']
[1.252s] Level 1:colcon.colcon_core.package_identification:_identify(.) by extension 'cmake'
[1.252s] Level 1:colcon.colcon_core.package_identification:_identify(.) by extension 'python'
[1.252s] Level 1:colcon.colcon_core.package_identification:_identify(.) by extensions ['python_setup_py']
[1.252s] Level 1:colcon.colcon_core.package_identification:_identify(.) by extension 'python_setup_py'
[1.252s] Level 1:colcon.colcon_core.package_identification:_identify(build) by extensions ['ignore', 'ignore_ament_install']
[1.252s] Level 1:colcon.colcon_core.package_identification:_identify(build) by extension 'ignore'
[1.252s] Level 1:colcon.colcon_core.package_identification:_identify(build) ignored
[1.252s] Level 1:colcon.colcon_core.package_identification:_identify(install) by extensions ['ignore', 'ignore_ament_install']
[1.252s] Level 1:colcon.colcon_core.package_identification:_identify(install) by extension 'ignore'
[1.253s] Level 1:colcon.colcon_core.package_identification:_identify(install) ignored
[1.253s] Level 1:colcon.colcon_core.package_identification:_identify(log) by extensions ['ignore', 'ignore_ament_install']
[1.253s] Level 1:colcon.colcon_core.package_identification:_identify(log) by extension 'ignore'
[1.253s] Level 1:colcon.colcon_core.package_identification:_identify(log) ignored
[1.253s] Level 1:colcon.colcon_core.package_identification:_identify(src) by extensions ['ignore', 'ignore_ament_install']
[1.253s] Level 1:colcon.colcon_core.package_identification:_identify(src) by extension 'ignore'
[1.253s] Level 1:colcon.colcon_core.package_identification:_identify(src) by extension 'ignore_ament_install'
[1.253s] Level 1:colcon.colcon_core.package_identification:_identify(src) by extensions ['colcon_pkg']
[1.253s] Level 1:colcon.colcon_core.package_identification:_identify(src) by extension 'colcon_pkg'
[1.253s] Level 1:colcon.colcon_core.package_identification:_identify(src) by extensions ['colcon_meta']
[1.253s] Level 1:colcon.colcon_core.package_identification:_identify(src) by extension 'colcon_meta'
[1.254s] Level 1:colcon.colcon_core.package_identification:_identify(src) by extensions ['ros']
[1.254s] Level 1:colcon.colcon_core.package_identification:_identify(src) by extension 'ros'
[1.254s] Level 1:colcon.colcon_core.package_identification:_identify(src) by extensions ['cmake', 'python']
[1.254s] Level 1:colcon.colcon_core.package_identification:_identify(src) by extension 'cmake'
[1.254s] Level 1:colcon.colcon_core.package_identification:_identify(src) by extension 'python'
[1.254s] Level 1:colcon.colcon_core.package_identification:_identify(src) by extensions ['python_setup_py']
[1.254s] Level 1:colcon.colcon_core.package_identification:_identify(src) by extension 'python_setup_py'
[1.254s] Level 1:colcon.colcon_core.package_identification:_identify(src/px4_control) by extensions ['ignore', 'ignore_ament_install']
[1.254s] Level 1:colcon.colcon_core.package_identification:_identify(src/px4_control) by extension 'ignore'
[1.254s] Level 1:colcon.colcon_core.package_identification:_identify(src/px4_control) by extension 'ignore_ament_install'
[1.254s] Level 1:colcon.colcon_core.package_identification:_identify(src/px4_control) by extensions ['colcon_pkg']
[1.254s] Level 1:colcon.colcon_core.package_identification:_identify(src/px4_control) by extension 'colcon_pkg'
[1.255s] Level 1:colcon.colcon_core.package_identification:_identify(src/px4_control) by extensions ['colcon_meta']
[1.255s] Level 1:colcon.colcon_core.package_identification:_identify(src/px4_control) by extension 'colcon_meta'
[1.255s] Level 1:colcon.colcon_core.package_identification:_identify(src/px4_control) by extensions ['ros']
[1.255s] Level 1:colcon.colcon_core.package_identification:_identify(src/px4_control) by extension 'ros'
[1.263s] DEBUG:colcon.colcon_core.package_identification:Package 'src/px4_control' with type 'ros.ament_python' and name 'px4_control'
[1.265s] Level 1:colcon.colcon_core.package_identification:_identify(src/px4_msgs) by extensions ['ignore', 'ignore_ament_install']
[1.265s] Level 1:colcon.colcon_core.package_identification:_identify(src/px4_msgs) by extension 'ignore'
[1.265s] Level 1:colcon.colcon_core.package_identification:_identify(src/px4_msgs) by extension 'ignore_ament_install'
[1.265s] Level 1:colcon.colcon_core.package_identification:_identify(src/px4_msgs) by extensions ['colcon_pkg']
[1.265s] Level 1:colcon.colcon_core.package_identification:_identify(src/px4_msgs) by extension 'colcon_pkg'
[1.265s] Level 1:colcon.colcon_core.package_identification:_identify(src/px4_msgs) by extensions ['colcon_meta']
[1.265s] Level 1:colcon.colcon_core.package_identification:_identify(src/px4_msgs) by extension 'colcon_meta'
[1.265s] Level 1:colcon.colcon_core.package_identification:_identify(src/px4_msgs) by extensions ['ros']
[1.265s] Level 1:colcon.colcon_core.package_identification:_identify(src/px4_msgs) by extension 'ros'
[1.268s] DEBUG:colcon.colcon_core.package_identification:Package 'src/px4_msgs' with type 'ros.ament_cmake' and name 'px4_msgs'
[1.269s] Level 1:colcon.colcon_core.package_identification:_identify(src/px4_ros_com) by extensions ['ignore', 'ignore_ament_install']
[1.269s] Level 1:colcon.colcon_core.package_identification:_identify(src/px4_ros_com) by extension 'ignore'
[1.269s] Level 1:colcon.colcon_core.package_identification:_identify(src/px4_ros_com) by extension 'ignore_ament_install'
[1.269s] Level 1:colcon.colcon_core.package_identification:_identify(src/px4_ros_com) by extensions ['colcon_pkg']
[1.270s] Level 1:colcon.colcon_core.package_identification:_identify(src/px4_ros_com) by extension 'colcon_pkg'
[1.270s] Level 1:colcon.colcon_core.package_identification:_identify(src/px4_ros_com) by extensions ['colcon_meta']
[1.270s] Level 1:colcon.colcon_core.package_identification:_identify(src/px4_ros_com) by extension 'colcon_meta'
[1.270s] Level 1:colcon.colcon_core.package_identification:_identify(src/px4_ros_com) by extensions ['ros']
[1.270s] Level 1:colcon.colcon_core.package_identification:_identify(src/px4_ros_com) by extension 'ros'
[1.273s] DEBUG:colcon.colcon_core.package_identification:Package 'src/px4_ros_com' with type 'ros.ament_cmake' and name 'px4_ros_com'
[1.273s] Level 1:colcon.colcon_core.package_identification:_identify(venv) by extensions ['ignore', 'ignore_ament_install']
[1.273s] Level 1:colcon.colcon_core.package_identification:_identify(venv) by extension 'ignore'
[1.275s] Level 1:colcon.colcon_core.package_identification:_identify(venv) ignored
[1.275s] Level 1:colcon.colcon_core.package_discovery:discover_packages(recursive) using defaults
[1.275s] Level 1:colcon.colcon_core.package_discovery:discover_packages(ignore) discover
[1.275s] Level 1:colcon.colcon_core.package_discovery:discover_packages(ignore) using defaults
[1.275s] Level 1:colcon.colcon_core.package_discovery:discover_packages(path) discover
[1.275s] Level 1:colcon.colcon_core.package_discovery:discover_packages(path) using defaults
[1.351s] Level 1:colcon.colcon_core.package_discovery:discover_packages(prefix_path) check parameters
[1.351s] Level 1:colcon.colcon_core.package_discovery:discover_packages(prefix_path) discover
[1.371s] DEBUG:colcon.colcon_installed_package_information.package_discovery:Found 3 installed packages in /home/albertocastro/px4_drone/install
[1.376s] DEBUG:colcon.colcon_installed_package_information.package_discovery:Found 291 installed packages in /opt/ros/humble
[1.378s] Level 1:colcon.colcon_core.package_discovery:discover_packages(prefix_path) using defaults
[1.513s] Level 5:colcon.colcon_core.verb:set package 'px4_control' build argument 'cmake_args' from command line to 'None'
[1.514s] Level 5:colcon.colcon_core.verb:set package 'px4_control' build argument 'cmake_target' from command line to 'None'
[1.514s] Level 5:colcon.colcon_core.verb:set package 'px4_control' build argument 'cmake_target_skip_unavailable' from command line to 'False'
[1.514s] Level 5:colcon.colcon_core.verb:set package 'px4_control' build argument 'cmake_clean_cache' from command line to 'False'
[1.514s] Level 5:colcon.colcon_core.verb:set package 'px4_control' build argument 'cmake_clean_first' from command line to 'False'
[1.514s] Level 5:colcon.colcon_core.verb:set package 'px4_control' build argument 'cmake_force_configure' from command line to 'False'
[1.514s] Level 5:colcon.colcon_core.verb:set package 'px4_control' build argument 'ament_cmake_args' from command line to 'None'
[1.514s] Level 5:colcon.colcon_core.verb:set package 'px4_control' build argument 'catkin_cmake_args' from command line to 'None'
[1.514s] Level 5:colcon.colcon_core.verb:set package 'px4_control' build argument 'catkin_skip_building_tests' from command line to 'False'
[1.514s] DEBUG:colcon.colcon_core.verb:Building package 'px4_control' with the following arguments: {'ament_cmake_args': None, 'build_base': '/home/albertocastro/px4_drone/build/px4_control', 'catkin_cmake_args': None, 'catkin_skip_building_tests': False, 'cmake_args': None, 'cmake_clean_cache': False, 'cmake_clean_first': False, 'cmake_force_configure': False, 'cmake_target': None, 'cmake_target_skip_unavailable': False, 'install_base': '/home/albertocastro/px4_drone/install/px4_control', 'merge_install': False, 'path': '/home/albertocastro/px4_drone/src/px4_control', 'symlink_install': False, 'test_result_base': None}
[1.515s] Level 5:colcon.colcon_core.verb:set package 'px4_msgs' build argument 'cmake_args' from command line to 'None'
[1.515s] Level 5:colcon.colcon_core.verb:set package 'px4_msgs' build argument 'cmake_target' from command line to 'None'
[1.516s] Level 5:colcon.colcon_core.verb:set package 'px4_msgs' build argument 'cmake_target_skip_unavailable' from command line to 'False'
[1.516s] Level 5:colcon.colcon_core.verb:set package 'px4_msgs' build argument 'cmake_clean_cache' from command line to 'False'
[1.516s] Level 5:colcon.colcon_core.verb:set package 'px4_msgs' build argument 'cmake_clean_first' from command line to 'False'
[1.516s] Level 5:colcon.colcon_core.verb:set package 'px4_msgs' build argument 'cmake_force_configure' from command line to 'False'
[1.516s] Level 5:colcon.colcon_core.verb:set package 'px4_msgs' build argument 'ament_cmake_args' from command line to 'None'
[1.516s] Level 5:colcon.colcon_core.verb:set package 'px4_msgs' build argument 'catkin_cmake_args' from command line to 'None'
[1.516s] Level 5:colcon.colcon_core.verb:set package 'px4_msgs' build argument 'catkin_skip_building_tests' from command line to 'False'
[1.516s] DEBUG:colcon.colcon_core.verb:Building package 'px4_msgs' with the following arguments: {'ament_cmake_args': None, 'build_base': '/home/albertocastro/px4_drone/build/px4_msgs', 'catkin_cmake_args': None, 'catkin_skip_building_tests': False, 'cmake_args': None, 'cmake_clean_cache': False, 'cmake_clean_first': False, 'cmake_force_configure': False, 'cmake_target': None, 'cmake_target_skip_unavailable': False, 'install_base': '/home/albertocastro/px4_drone/install/px4_msgs', 'merge_install': False, 'path': '/home/albertocastro/px4_drone/src/px4_msgs', 'symlink_install': False, 'test_result_base': None}
[1.517s] Level 5:colcon.colcon_core.verb:set package 'px4_ros_com' build argument 'cmake_args' from command line to 'None'
[1.517s] Level 5:colcon.colcon_core.verb:set package 'px4_ros_com' build argument 'cmake_target' from command line to 'None'
[1.517s] Level 5:colcon.colcon_core.verb:set package 'px4_ros_com' build argument 'cmake_target_skip_unavailable' from command line to 'False'
[1.517s] Level 5:colcon.colcon_core.verb:set package 'px4_ros_com' build argument 'cmake_clean_cache' from command line to 'False'
[1.517s] Level 5:colcon.colcon_core.verb:set package 'px4_ros_com' build argument 'cmake_clean_first' from command line to 'False'
[1.517s] Level 5:colcon.colcon_core.verb:set package 'px4_ros_com' build argument 'cmake_force_configure' from command line to 'False'
[1.517s] Level 5:colcon.colcon_core.verb:set package 'px4_ros_com' build argument 'ament_cmake_args' from command line to 'None'
[1.518s] Level 5:colcon.colcon_core.verb:set package 'px4_ros_com' build argument 'catkin_cmake_args' from command line to 'None'
[1.518s] Level 5:colcon.colcon_core.verb:set package 'px4_ros_com' build argument 'catkin_skip_building_tests' from command line to 'False'
[1.518s] DEBUG:colcon.colcon_core.verb:Building package 'px4_ros_com' with the following arguments: {'ament_cmake_args': None, 'build_base': '/home/albertocastro/px4_drone/build/px4_ros_com', 'catkin_cmake_args': None, 'catkin_skip_building_tests': False, 'cmake_args': None, 'cmake_clean_cache': False, 'cmake_clean_first': False, 'cmake_force_configure': False, 'cmake_target': None, 'cmake_target_skip_unavailable': False, 'install_base': '/home/albertocastro/px4_drone/install/px4_ros_com', 'merge_install': False, 'path': '/home/albertocastro/px4_drone/src/px4_ros_com', 'symlink_install': False, 'test_result_base': None}
[1.519s] INFO:colcon.colcon_core.executor:Executing jobs using 'parallel' executor
[1.523s] DEBUG:colcon.colcon_parallel_executor.executor.parallel:run_until_complete
[1.524s] INFO:colcon.colcon_ros.task.ament_cmake.build:Building ROS package in '/home/albertocastro/px4_drone/src/px4_msgs' with build type 'ament_cmake'
[1.524s] INFO:colcon.colcon_cmake.task.cmake.build:Building CMake package in '/home/albertocastro/px4_drone/src/px4_msgs'
[1.554s] INFO:colcon.colcon_core.plugin_system:Skipping extension 'colcon_core.shell.bat': Not used on non-Windows systems
[1.554s] INFO:colcon.colcon_core.shell:Skip shell extension 'powershell' for command environment: Not usable outside of PowerShell
[1.554s] DEBUG:colcon.colcon_core.shell:Skip shell extension 'dsv' for command environment
[1.567s] INFO:colcon.colcon_ros.task.ament_python.build:Building ROS package in '/home/albertocastro/px4_drone/src/px4_control' with build type 'ament_python'
[1.568s] Level 1:colcon.colcon_core.shell:create_environment_hook('px4_control', 'ament_prefix_path')
[1.570s] INFO:colcon.colcon_core.shell:Creating environment hook '/home/albertocastro/px4_drone/install/px4_control/share/px4_control/hook/ament_prefix_path.ps1'
[1.572s] INFO:colcon.colcon_core.shell:Creating environment descriptor '/home/albertocastro/px4_drone/install/px4_control/share/px4_control/hook/ament_prefix_path.dsv'
[1.573s] INFO:colcon.colcon_core.shell:Creating environment hook '/home/albertocastro/px4_drone/install/px4_control/share/px4_control/hook/ament_prefix_path.sh'
[1.576s] INFO:colcon.colcon_core.shell:Skip shell extension 'powershell' for command environment: Not usable outside of PowerShell
[1.576s] DEBUG:colcon.colcon_core.shell:Skip shell extension 'dsv' for command environment
[1.591s] DEBUG:colcon.colcon_core.event_handler.log_command:Invoking command in '/home/albertocastro/px4_drone/build/px4_msgs': CMAKE_PREFIX_PATH=${CMAKE_PREFIX_PATH}:/opt/ros/humble PS1=(venv) \[\e]0;\u@\h: \w\a\]${debian_chroot:+($debian_chroot)}\[\033[01;32m\]\u@\h\[\033[00m\]:\[\033[01;34m\]\w\[\033[00m\]\$ VIRTUAL_ENV_PROMPT=(venv) /usr/bin/cmake --build /home/albertocastro/px4_drone/build/px4_msgs -- -j4 -l4
[2.019s] INFO:colcon.colcon_core.task.python.build:Building Python package in '/home/albertocastro/px4_drone/src/px4_control'
[2.021s] INFO:colcon.colcon_core.shell:Skip shell extension 'powershell' for command environment: Not usable outside of PowerShell
[2.021s] DEBUG:colcon.colcon_core.shell:Skip shell extension 'dsv' for command environment
[4.102s] DEBUG:colcon.colcon_core.event_handler.log_command:Invoking command in '/home/albertocastro/px4_drone/src/px4_control': PS1=(venv) \[\e]0;\u@\h: \w\a\]${debian_chroot:+($debian_chroot)}\[\033[01;32m\]\u@\h\[\033[00m\]:\[\033[01;34m\]\w\[\033[00m\]\$ PYTHONPATH=/home/albertocastro/px4_drone/build/px4_control/prefix_override:/home/albertocastro/px4_drone/install/px4_control/lib/python3.10/site-packages:${PYTHONPATH} VIRTUAL_ENV_PROMPT=(venv) /usr/bin/python3 setup.py egg_info --egg-base ../../build/px4_control build --build-base /home/albertocastro/px4_drone/build/px4_control/build install --record /home/albertocastro/px4_drone/build/px4_control/install.log --single-version-externally-managed
[4.839s] DEBUG:colcon.colcon_core.event_handler.log_command:Invoked command in '/home/albertocastro/px4_drone/build/px4_msgs' returned '0': CMAKE_PREFIX_PATH=${CMAKE_PREFIX_PATH}:/opt/ros/humble PS1=(venv) \[\e]0;\u@\h: \w\a\]${debian_chroot:+($debian_chroot)}\[\033[01;32m\]\u@\h\[\033[00m\]:\[\033[01;34m\]\w\[\033[00m\]\$ VIRTUAL_ENV_PROMPT=(venv) /usr/bin/cmake --build /home/albertocastro/px4_drone/build/px4_msgs -- -j4 -l4
[5.606s] DEBUG:colcon.colcon_core.event_handler.log_command:Invoked command in '/home/albertocastro/px4_drone/src/px4_control' returned '0': PS1=(venv) \[\e]0;\u@\h: \w\a\]${debian_chroot:+($debian_chroot)}\[\033[01;32m\]\u@\h\[\033[00m\]:\[\033[01;34m\]\w\[\033[00m\]\$ PYTHONPATH=/home/albertocastro/px4_drone/build/px4_control/prefix_override:/home/albertocastro/px4_drone/install/px4_control/lib/python3.10/site-packages:${PYTHONPATH} VIRTUAL_ENV_PROMPT=(venv) /usr/bin/python3 setup.py egg_info --egg-base ../../build/px4_control build --build-base /home/albertocastro/px4_drone/build/px4_control/build install --record /home/albertocastro/px4_drone/build/px4_control/install.log --single-version-externally-managed
[5.625s] Level 1:colcon.colcon_core.environment:checking '/home/albertocastro/px4_drone/install/px4_control' for CMake module files
[5.627s] Level 1:colcon.colcon_core.environment:checking '/home/albertocastro/px4_drone/install/px4_control' for CMake config files
[5.628s] Level 1:colcon.colcon_core.shell:create_environment_hook('px4_control', 'cmake_prefix_path')
[5.629s] INFO:colcon.colcon_core.shell:Creating environment hook '/home/albertocastro/px4_drone/install/px4_control/share/px4_control/hook/cmake_prefix_path.ps1'
[5.631s] INFO:colcon.colcon_core.shell:Creating environment descriptor '/home/albertocastro/px4_drone/install/px4_control/share/px4_control/hook/cmake_prefix_path.dsv'
[5.632s] INFO:colcon.colcon_core.shell:Creating environment hook '/home/albertocastro/px4_drone/install/px4_control/share/px4_control/hook/cmake_prefix_path.sh'
[5.633s] Level 1:colcon.colcon_core.environment:checking '/home/albertocastro/px4_drone/install/px4_control/lib'
[5.634s] Level 1:colcon.colcon_core.environment:checking '/home/albertocastro/px4_drone/install/px4_control/bin'
[5.634s] Level 1:colcon.colcon_core.environment:checking '/home/albertocastro/px4_drone/install/px4_control/lib/pkgconfig/px4_control.pc'
[5.634s] Level 1:colcon.colcon_core.environment:checking '/home/albertocastro/px4_drone/install/px4_control/lib/python3.10/site-packages'
[5.635s] Level 1:colcon.colcon_core.shell:create_environment_hook('px4_control', 'pythonpath')
[5.636s] INFO:colcon.colcon_core.shell:Creating environment hook '/home/albertocastro/px4_drone/install/px4_control/share/px4_control/hook/pythonpath.ps1'
[5.637s] INFO:colcon.colcon_core.shell:Creating environment descriptor '/home/albertocastro/px4_drone/install/px4_control/share/px4_control/hook/pythonpath.dsv'
[5.638s] INFO:colcon.colcon_core.shell:Creating environment hook '/home/albertocastro/px4_drone/install/px4_control/share/px4_control/hook/pythonpath.sh'
[5.639s] Level 1:colcon.colcon_core.environment:checking '/home/albertocastro/px4_drone/install/px4_control/bin'
[5.639s] Level 1:colcon.colcon_core.environment:create_environment_scripts_only(px4_control)
[5.642s] INFO:colcon.colcon_core.shell:Creating package script '/home/albertocastro/px4_drone/install/px4_control/share/px4_control/package.ps1'
[5.644s] INFO:colcon.colcon_core.shell:Creating package descriptor '/home/albertocastro/px4_drone/install/px4_control/share/px4_control/package.dsv'
[5.646s] INFO:colcon.colcon_core.shell:Creating package script '/home/albertocastro/px4_drone/install/px4_control/share/px4_control/package.sh'
[5.648s] INFO:colcon.colcon_core.shell:Creating package script '/home/albertocastro/px4_drone/install/px4_control/share/px4_control/package.bash'
[5.650s] INFO:colcon.colcon_core.shell:Creating package script '/home/albertocastro/px4_drone/install/px4_control/share/px4_control/package.zsh'
[5.651s] Level 1:colcon.colcon_core.environment:create_file_with_runtime_dependencies(/home/albertocastro/px4_drone/install/px4_control/share/colcon-core/packages/px4_control)
[9.838s] DEBUG:colcon.colcon_core.event_handler.log_command:Invoking command in '/home/albertocastro/px4_drone/build/px4_msgs': CMAKE_PREFIX_PATH=${CMAKE_PREFIX_PATH}:/opt/ros/humble PS1=(venv) \[\e]0;\u@\h: \w\a\]${debian_chroot:+($debian_chroot)}\[\033[01;32m\]\u@\h\[\033[00m\]:\[\033[01;34m\]\w\[\033[00m\]\$ VIRTUAL_ENV_PROMPT=(venv) /usr/bin/cmake --install /home/albertocastro/px4_drone/build/px4_msgs
[10.749s] Level 1:colcon.colcon_core.environment:create_environment_scripts_only(px4_msgs)
[10.754s] Level 1:colcon.colcon_core.environment:checking '/home/albertocastro/px4_drone/install/px4_msgs' for CMake module files
[10.755s] Level 1:colcon.colcon_core.environment:checking '/home/albertocastro/px4_drone/install/px4_msgs' for CMake config files
[10.763s] DEBUG:colcon.colcon_core.event_handler.log_command:Invoked command in '/home/albertocastro/px4_drone/build/px4_msgs' returned '0': CMAKE_PREFIX_PATH=${CMAKE_PREFIX_PATH}:/opt/ros/humble PS1=(venv) \[\e]0;\u@\h: \w\a\]${debian_chroot:+($debian_chroot)}\[\033[01;32m\]\u@\h\[\033[00m\]:\[\033[01;34m\]\w\[\033[00m\]\$ VIRTUAL_ENV_PROMPT=(venv) /usr/bin/cmake --install /home/albertocastro/px4_drone/build/px4_msgs
[10.767s] Level 1:colcon.colcon_core.shell:create_environment_hook('px4_msgs', 'cmake_prefix_path')
[10.769s] INFO:colcon.colcon_core.shell:Creating environment hook '/home/albertocastro/px4_drone/install/px4_msgs/share/px4_msgs/hook/cmake_prefix_path.ps1'
[10.769s] INFO:colcon.colcon_core.shell:Creating environment descriptor '/home/albertocastro/px4_drone/install/px4_msgs/share/px4_msgs/hook/cmake_prefix_path.dsv'
[10.770s] INFO:colcon.colcon_core.shell:Creating environment hook '/home/albertocastro/px4_drone/install/px4_msgs/share/px4_msgs/hook/cmake_prefix_path.sh'
[10.771s] Level 1:colcon.colcon_core.environment:checking '/home/albertocastro/px4_drone/install/px4_msgs/lib'
[10.771s] Level 1:colcon.colcon_core.shell:create_environment_hook('px4_msgs', 'ld_library_path_lib')
[10.774s] INFO:colcon.colcon_core.shell:Creating environment hook '/home/albertocastro/px4_drone/install/px4_msgs/share/px4_msgs/hook/ld_library_path_lib.ps1'
[10.775s] INFO:colcon.colcon_core.shell:Creating environment descriptor '/home/albertocastro/px4_drone/install/px4_msgs/share/px4_msgs/hook/ld_library_path_lib.dsv'
[10.776s] INFO:colcon.colcon_core.shell:Creating environment hook '/home/albertocastro/px4_drone/install/px4_msgs/share/px4_msgs/hook/ld_library_path_lib.sh'
[10.777s] Level 1:colcon.colcon_core.environment:checking '/home/albertocastro/px4_drone/install/px4_msgs/bin'
[10.777s] Level 1:colcon.colcon_core.environment:checking '/home/albertocastro/px4_drone/install/px4_msgs/lib/pkgconfig/px4_msgs.pc'
[10.777s] Level 1:colcon.colcon_core.environment:checking '/home/albertocastro/px4_drone/install/px4_msgs/lib/python3.10/site-packages'
[10.778s] Level 1:colcon.colcon_core.environment:checking '/home/albertocastro/px4_drone/install/px4_msgs/bin'
[10.782s] INFO:colcon.colcon_core.shell:Creating package script '/home/albertocastro/px4_drone/install/px4_msgs/share/px4_msgs/package.ps1'
[10.783s] INFO:colcon.colcon_core.shell:Creating package descriptor '/home/albertocastro/px4_drone/install/px4_msgs/share/px4_msgs/package.dsv'
[10.783s] INFO:colcon.colcon_core.shell:Creating package script '/home/albertocastro/px4_drone/install/px4_msgs/share/px4_msgs/package.sh'
[10.784s] INFO:colcon.colcon_core.shell:Creating package script '/home/albertocastro/px4_drone/install/px4_msgs/share/px4_msgs/package.bash'
[10.785s] INFO:colcon.colcon_core.shell:Creating package script '/home/albertocastro/px4_drone/install/px4_msgs/share/px4_msgs/package.zsh'
[10.785s] Level 1:colcon.colcon_core.environment:create_file_with_runtime_dependencies(/home/albertocastro/px4_drone/install/px4_msgs/share/colcon-core/packages/px4_msgs)
[17.414s] Level 1:colcon.colcon_core.environment:create_environment_scripts_only(px4_msgs)
[17.416s] Level 1:colcon.colcon_core.environment:checking '/home/albertocastro/px4_drone/install/px4_msgs' for CMake module files
[17.417s] Level 1:colcon.colcon_core.environment:checking '/home/albertocastro/px4_drone/install/px4_msgs' for CMake config files
[17.423s] Level 1:colcon.colcon_core.shell:create_environment_hook('px4_msgs', 'cmake_prefix_path')
[17.425s] INFO:colcon.colcon_core.shell:Creating environment hook '/home/albertocastro/px4_drone/install/px4_msgs/share/px4_msgs/hook/cmake_prefix_path.ps1'
[17.425s] INFO:colcon.colcon_core.shell:Creating environment descriptor '/home/albertocastro/px4_drone/install/px4_msgs/share/px4_msgs/hook/cmake_prefix_path.dsv'
[17.427s] INFO:colcon.colcon_core.shell:Creating environment hook '/home/albertocastro/px4_drone/install/px4_msgs/share/px4_msgs/hook/cmake_prefix_path.sh'
[17.428s] Level 1:colcon.colcon_core.environment:checking '/home/albertocastro/px4_drone/install/px4_msgs/lib'
[17.428s] Level 1:colcon.colcon_core.shell:create_environment_hook('px4_msgs', 'ld_library_path_lib')
[17.430s] INFO:colcon.colcon_core.shell:Creating environment hook '/home/albertocastro/px4_drone/install/px4_msgs/share/px4_msgs/hook/ld_library_path_lib.ps1'
[17.431s] INFO:colcon.colcon_core.shell:Creating environment descriptor '/home/albertocastro/px4_drone/install/px4_msgs/share/px4_msgs/hook/ld_library_path_lib.dsv'
[17.431s] INFO:colcon.colcon_core.shell:Creating environment hook '/home/albertocastro/px4_drone/install/px4_msgs/share/px4_msgs/hook/ld_library_path_lib.sh'
[17.432s] Level 1:colcon.colcon_core.environment:checking '/home/albertocastro/px4_drone/install/px4_msgs/bin'
[17.432s] Level 1:colcon.colcon_core.environment:checking '/home/albertocastro/px4_drone/install/px4_msgs/lib/pkgconfig/px4_msgs.pc'
[17.432s] Level 1:colcon.colcon_core.environment:checking '/home/albertocastro/px4_drone/install/px4_msgs/lib/python3.10/site-packages'
[17.433s] Level 1:colcon.colcon_core.environment:checking '/home/albertocastro/px4_drone/install/px4_msgs/bin'
[17.434s] INFO:colcon.colcon_core.shell:Creating package script '/home/albertocastro/px4_drone/install/px4_msgs/share/px4_msgs/package.ps1'
[17.435s] INFO:colcon.colcon_core.shell:Creating package descriptor '/home/albertocastro/px4_drone/install/px4_msgs/share/px4_msgs/package.dsv'
[17.436s] INFO:colcon.colcon_core.shell:Creating package script '/home/albertocastro/px4_drone/install/px4_msgs/share/px4_msgs/package.sh'
[17.437s] INFO:colcon.colcon_core.shell:Creating package script '/home/albertocastro/px4_drone/install/px4_msgs/share/px4_msgs/package.bash'
[17.438s] INFO:colcon.colcon_core.shell:Creating package script '/home/albertocastro/px4_drone/install/px4_msgs/share/px4_msgs/package.zsh'
[17.440s] Level 1:colcon.colcon_core.environment:create_file_with_runtime_dependencies(/home/albertocastro/px4_drone/install/px4_msgs/share/colcon-core/packages/px4_msgs)
[17.441s] INFO:colcon.colcon_ros.task.ament_cmake.build:Building ROS package in '/home/albertocastro/px4_drone/src/px4_ros_com' with build type 'ament_cmake'
[17.441s] INFO:colcon.colcon_cmake.task.cmake.build:Building CMake package in '/home/albertocastro/px4_drone/src/px4_ros_com'
[17.443s] INFO:colcon.colcon_core.shell:Skip shell extension 'powershell' for command environment: Not usable outside of PowerShell
[17.443s] DEBUG:colcon.colcon_core.shell:Skip shell extension 'dsv' for command environment
[17.474s] DEBUG:colcon.colcon_core.event_handler.log_command:Invoking command in '/home/albertocastro/px4_drone/build/px4_ros_com': CMAKE_PREFIX_PATH=/home/albertocastro/px4_drone/install/px4_msgs:/home/albertocastro/px4_drone/install/px4_ros_com:/home/albertocastro/px4_drone/install/px4_control:/opt/ros/humble LD_LIBRARY_PATH=/home/albertocastro/px4_drone/install/px4_msgs/lib:/home/albertocastro/px4_drone/install/px4_ros_com/lib:/opt/ros/humble/opt/rviz_ogre_vendor/lib:/opt/ros/humble/lib/x86_64-linux-gnu:/opt/ros/humble/lib PS1=(venv) \[\e]0;\u@\h: \w\a\]${debian_chroot:+($debian_chroot)}\[\033[01;32m\]\u@\h\[\033[00m\]:\[\033[01;34m\]\w\[\033[00m\]\$ VIRTUAL_ENV_PROMPT=(venv) /usr/bin/cmake --build /home/albertocastro/px4_drone/build/px4_ros_com -- -j4 -l4
[17.690s] DEBUG:colcon.colcon_core.event_handler.log_command:Invoked command in '/home/albertocastro/px4_drone/build/px4_ros_com' returned '0': CMAKE_PREFIX_PATH=/home/albertocastro/px4_drone/install/px4_msgs:/home/albertocastro/px4_drone/install/px4_ros_com:/home/albertocastro/px4_drone/install/px4_control:/opt/ros/humble LD_LIBRARY_PATH=/home/albertocastro/px4_drone/install/px4_msgs/lib:/home/albertocastro/px4_drone/install/px4_ros_com/lib:/opt/ros/humble/opt/rviz_ogre_vendor/lib:/opt/ros/humble/lib/x86_64-linux-gnu:/opt/ros/humble/lib PS1=(venv) \[\e]0;\u@\h: \w\a\]${debian_chroot:+($debian_chroot)}\[\033[01;32m\]\u@\h\[\033[00m\]:\[\033[01;34m\]\w\[\033[00m\]\$ VIRTUAL_ENV_PROMPT=(venv) /usr/bin/cmake --build /home/albertocastro/px4_drone/build/px4_ros_com -- -j4 -l4
[17.771s] DEBUG:colcon.colcon_core.event_handler.log_command:Invoking command in '/home/albertocastro/px4_drone/build/px4_ros_com': CMAKE_PREFIX_PATH=/home/albertocastro/px4_drone/install/px4_msgs:/home/albertocastro/px4_drone/install/px4_ros_com:/home/albertocastro/px4_drone/install/px4_control:/opt/ros/humble LD_LIBRARY_PATH=/home/albertocastro/px4_drone/install/px4_msgs/lib:/home/albertocastro/px4_drone/install/px4_ros_com/lib:/opt/ros/humble/opt/rviz_ogre_vendor/lib:/opt/ros/humble/lib/x86_64-linux-gnu:/opt/ros/humble/lib PS1=(venv) \[\e]0;\u@\h: \w\a\]${debian_chroot:+($debian_chroot)}\[\033[01;32m\]\u@\h\[\033[00m\]:\[\033[01;34m\]\w\[\033[00m\]\$ VIRTUAL_ENV_PROMPT=(venv) /usr/bin/cmake --install /home/albertocastro/px4_drone/build/px4_ros_com
[17.822s] Level 1:colcon.colcon_core.environment:create_environment_scripts_only(px4_ros_com)
[17.828s] DEBUG:colcon.colcon_core.event_handler.log_command:Invoked command in '/home/albertocastro/px4_drone/build/px4_ros_com' returned '0': CMAKE_PREFIX_PATH=/home/albertocastro/px4_drone/install/px4_msgs:/home/albertocastro/px4_drone/install/px4_ros_com:/home/albertocastro/px4_drone/install/px4_control:/opt/ros/humble LD_LIBRARY_PATH=/home/albertocastro/px4_drone/install/px4_msgs/lib:/home/albertocastro/px4_drone/install/px4_ros_com/lib:/opt/ros/humble/opt/rviz_ogre_vendor/lib:/opt/ros/humble/lib/x86_64-linux-gnu:/opt/ros/humble/lib PS1=(venv) \[\e]0;\u@\h: \w\a\]${debian_chroot:+($debian_chroot)}\[\033[01;32m\]\u@\h\[\033[00m\]:\[\033[01;34m\]\w\[\033[00m\]\$ VIRTUAL_ENV_PROMPT=(venv) /usr/bin/cmake --install /home/albertocastro/px4_drone/build/px4_ros_com
[17.830s] Level 1:colcon.colcon_core.environment:checking '/home/albertocastro/px4_drone/install/px4_ros_com' for CMake module files
[17.832s] Level 1:colcon.colcon_core.environment:checking '/home/albertocastro/px4_drone/install/px4_ros_com' for CMake config files
[17.834s] Level 1:colcon.colcon_core.shell:create_environment_hook('px4_ros_com', 'cmake_prefix_path')
[17.837s] INFO:colcon.colcon_core.shell:Creating environment hook '/home/albertocastro/px4_drone/install/px4_ros_com/share/px4_ros_com/hook/cmake_prefix_path.ps1'
[17.838s] INFO:colcon.colcon_core.shell:Creating environment descriptor '/home/albertocastro/px4_drone/install/px4_ros_com/share/px4_ros_com/hook/cmake_prefix_path.dsv'
[17.838s] INFO:colcon.colcon_core.shell:Creating environment hook '/home/albertocastro/px4_drone/install/px4_ros_com/share/px4_ros_com/hook/cmake_prefix_path.sh'
[17.840s] Level 1:colcon.colcon_core.environment:checking '/home/albertocastro/px4_drone/install/px4_ros_com/lib'
[17.840s] Level 1:colcon.colcon_core.shell:create_environment_hook('px4_ros_com', 'ld_library_path_lib')
[17.845s] INFO:colcon.colcon_core.shell:Creating environment hook '/home/albertocastro/px4_drone/install/px4_ros_com/share/px4_ros_com/hook/ld_library_path_lib.ps1'
[17.847s] INFO:colcon.colcon_core.shell:Creating environment descriptor '/home/albertocastro/px4_drone/install/px4_ros_com/share/px4_ros_com/hook/ld_library_path_lib.dsv'
[17.848s] INFO:colcon.colcon_core.shell:Creating environment hook '/home/albertocastro/px4_drone/install/px4_ros_com/share/px4_ros_com/hook/ld_library_path_lib.sh'
[17.849s] Level 1:colcon.colcon_core.environment:checking '/home/albertocastro/px4_drone/install/px4_ros_com/bin'
[17.849s] Level 1:colcon.colcon_core.environment:checking '/home/albertocastro/px4_drone/install/px4_ros_com/lib/pkgconfig/px4_ros_com.pc'
[17.850s] Level 1:colcon.colcon_core.environment:checking '/home/albertocastro/px4_drone/install/px4_ros_com/lib/python3.10/site-packages'
[17.850s] Level 1:colcon.colcon_core.environment:checking '/home/albertocastro/px4_drone/install/px4_ros_com/bin'
[17.854s] INFO:colcon.colcon_core.shell:Creating package script '/home/albertocastro/px4_drone/install/px4_ros_com/share/px4_ros_com/package.ps1'
[17.855s] INFO:colcon.colcon_core.shell:Creating package descriptor '/home/albertocastro/px4_drone/install/px4_ros_com/share/px4_ros_com/package.dsv'
[17.856s] INFO:colcon.colcon_core.shell:Creating package script '/home/albertocastro/px4_drone/install/px4_ros_com/share/px4_ros_com/package.sh'
[17.857s] INFO:colcon.colcon_core.shell:Creating package script '/home/albertocastro/px4_drone/install/px4_ros_com/share/px4_ros_com/package.bash'
[17.858s] INFO:colcon.colcon_core.shell:Creating package script '/home/albertocastro/px4_drone/install/px4_ros_com/share/px4_ros_com/package.zsh'
[17.859s] Level 1:colcon.colcon_core.environment:create_file_with_runtime_dependencies(/home/albertocastro/px4_drone/install/px4_ros_com/share/colcon-core/packages/px4_ros_com)
[17.913s] Level 1:colcon.colcon_core.environment:create_environment_scripts_only(px4_ros_com)
[17.916s] Level 1:colcon.colcon_core.environment:checking '/home/albertocastro/px4_drone/install/px4_ros_com' for CMake module files
[17.917s] Level 1:colcon.colcon_core.environment:checking '/home/albertocastro/px4_drone/install/px4_ros_com' for CMake config files
[17.917s] Level 1:colcon.colcon_core.shell:create_environment_hook('px4_ros_com', 'cmake_prefix_path')
[17.919s] INFO:colcon.colcon_core.shell:Creating environment hook '/home/albertocastro/px4_drone/install/px4_ros_com/share/px4_ros_com/hook/cmake_prefix_path.ps1'
[17.920s] INFO:colcon.colcon_core.shell:Creating environment descriptor '/home/albertocastro/px4_drone/install/px4_ros_com/share/px4_ros_com/hook/cmake_prefix_path.dsv'
[17.920s] INFO:colcon.colcon_core.shell:Creating environment hook '/home/albertocastro/px4_drone/install/px4_ros_com/share/px4_ros_com/hook/cmake_prefix_path.sh'
[17.921s] Level 1:colcon.colcon_core.environment:checking '/home/albertocastro/px4_drone/install/px4_ros_com/lib'
[17.922s] Level 1:colcon.colcon_core.shell:create_environment_hook('px4_ros_com', 'ld_library_path_lib')
[17.924s] INFO:colcon.colcon_core.shell:Creating environment hook '/home/albertocastro/px4_drone/install/px4_ros_com/share/px4_ros_com/hook/ld_library_path_lib.ps1'
[17.925s] INFO:colcon.colcon_core.shell:Creating environment descriptor '/home/albertocastro/px4_drone/install/px4_ros_com/share/px4_ros_com/hook/ld_library_path_lib.dsv'
[17.926s] INFO:colcon.colcon_core.shell:Creating environment hook '/home/albertocastro/px4_drone/install/px4_ros_com/share/px4_ros_com/hook/ld_library_path_lib.sh'
[17.927s] Level 1:colcon.colcon_core.environment:checking '/home/albertocastro/px4_drone/install/px4_ros_com/bin'
[17.927s] Level 1:colcon.colcon_core.environment:checking '/home/albertocastro/px4_drone/install/px4_ros_com/lib/pkgconfig/px4_ros_com.pc'
[17.928s] Level 1:colcon.colcon_core.environment:checking '/home/albertocastro/px4_drone/install/px4_ros_com/lib/python3.10/site-packages'
[17.928s] Level 1:colcon.colcon_core.environment:checking '/home/albertocastro/px4_drone/install/px4_ros_com/bin'
[17.930s] INFO:colcon.colcon_core.shell:Creating package script '/home/albertocastro/px4_drone/install/px4_ros_com/share/px4_ros_com/package.ps1'
[17.932s] INFO:colcon.colcon_core.shell:Creating package descriptor '/home/albertocastro/px4_drone/install/px4_ros_com/share/px4_ros_com/package.dsv'
[17.933s] INFO:colcon.colcon_core.shell:Creating package script '/home/albertocastro/px4_drone/install/px4_ros_com/share/px4_ros_com/package.sh'
[17.934s] INFO:colcon.colcon_core.shell:Creating package script '/home/albertocastro/px4_drone/install/px4_ros_com/share/px4_ros_com/package.bash'
[17.935s] INFO:colcon.colcon_core.shell:Creating package script '/home/albertocastro/px4_drone/install/px4_ros_com/share/px4_ros_com/package.zsh'
[17.936s] Level 1:colcon.colcon_core.environment:create_file_with_runtime_dependencies(/home/albertocastro/px4_drone/install/px4_ros_com/share/colcon-core/packages/px4_ros_com)
[17.938s] DEBUG:colcon.colcon_parallel_executor.executor.parallel:closing loop
[17.938s] DEBUG:colcon.colcon_parallel_executor.executor.parallel:loop closed
[17.938s] DEBUG:colcon.colcon_parallel_executor.executor.parallel:run_until_complete finished with '0'
[17.939s] DEBUG:colcon.colcon_core.event_reactor:joining thread
[17.974s] INFO:colcon.colcon_core.plugin_system:Skipping extension 'colcon_notification.desktop_notification.terminal_notifier': Not used on non-Darwin systems
[17.974s] INFO:colcon.colcon_core.plugin_system:Skipping extension 'colcon_notification.desktop_notification.win32': Not used on non-Windows systems
[17.974s] INFO:colcon.colcon_notification.desktop_notification:Sending desktop notification using 'notify2'
[18.032s] DEBUG:colcon.colcon_core.event_reactor:joined thread
[18.035s] INFO:colcon.colcon_core.shell:Creating prefix script '/home/albertocastro/px4_drone/install/local_setup.ps1'
[18.038s] INFO:colcon.colcon_core.shell:Creating prefix util module '/home/albertocastro/px4_drone/install/_local_setup_util_ps1.py'
[18.042s] INFO:colcon.colcon_core.shell:Creating prefix chain script '/home/albertocastro/px4_drone/install/setup.ps1'
[18.046s] INFO:colcon.colcon_core.shell:Creating prefix script '/home/albertocastro/px4_drone/install/local_setup.sh'
[18.048s] INFO:colcon.colcon_core.shell:Creating prefix util module '/home/albertocastro/px4_drone/install/_local_setup_util_sh.py'
[18.049s] INFO:colcon.colcon_core.shell:Creating prefix chain script '/home/albertocastro/px4_drone/install/setup.sh'
[18.054s] INFO:colcon.colcon_core.shell:Creating prefix script '/home/albertocastro/px4_drone/install/local_setup.bash'
[18.055s] INFO:colcon.colcon_core.shell:Creating prefix chain script '/home/albertocastro/px4_drone/install/setup.bash'
[18.060s] INFO:colcon.colcon_core.shell:Creating prefix script '/home/albertocastro/px4_drone/install/local_setup.zsh'
[18.062s] INFO:colcon.colcon_core.shell:Creating prefix chain script '/home/albertocastro/px4_drone/install/setup.zsh'
