[2.534s] Invoking command in '/home/albertocastro/px4_drone/src/px4_control': PS1=(venv) \[\e]0;\u@\h: \w\a\]${debian_chroot:+($debian_chroot)}\[\033[01;32m\]\u@\h\[\033[00m\]:\[\033[01;34m\]\w\[\033[00m\]\$ PYTHONPATH=/home/albertocastro/px4_drone/build/px4_control/prefix_override:/home/albertocastro/px4_drone/install/px4_control/lib/python3.10/site-packages:${PYTHONPATH} VIRTUAL_ENV_PROMPT=(venv) /usr/bin/python3 setup.py egg_info --egg-base ../../build/px4_control build --build-base /home/albertocastro/px4_drone/build/px4_control/build install --record /home/albertocastro/px4_drone/build/px4_control/install.log --single-version-externally-managed
[3.201s] running egg_info
[3.224s] writing ../../build/px4_control/px4_control.egg-info/PKG-INFO
[3.227s] writing dependency_links to ../../build/px4_control/px4_control.egg-info/dependency_links.txt
[3.228s] writing entry points to ../../build/px4_control/px4_control.egg-info/entry_points.txt
[3.229s] writing requirements to ../../build/px4_control/px4_control.egg-info/requires.txt
[3.229s] writing top-level names to ../../build/px4_control/px4_control.egg-info/top_level.txt
[3.288s] reading manifest file '../../build/px4_control/px4_control.egg-info/SOURCES.txt'
[3.291s] writing manifest file '../../build/px4_control/px4_control.egg-info/SOURCES.txt'
[3.291s] running build
[3.292s] running build_py
[3.299s] copying px4_control/drone1.py -> /home/albertocastro/px4_drone/build/px4_control/build/lib/px4_control
[3.300s] copying px4_control/control_keyboard.py -> /home/albertocastro/px4_drone/build/px4_control/build/lib/px4_control
[3.308s] running install
[3.309s] /home/albertocastro/.local/lib/python3.10/site-packages/setuptools/_distutils/cmd.py:66: SetuptoolsDeprecationWarning: setup.py install is deprecated.
[3.309s] !!
[3.310s] 
[3.310s]         ********************************************************************************
[3.310s]         Please avoid running ``setup.py`` directly.
[3.310s]         Instead, use pypa/build, pypa/installer or other
[3.310s]         standards-based tools.
[3.310s] 
[3.310s]         See https://blog.ganssle.io/articles/2021/10/setup-py-deprecated.html for details.
[3.311s]         ********************************************************************************
[3.311s] 
[3.311s] !!
[3.311s]   self.initialize_options()
[3.324s] running install_lib
[3.366s] copying /home/albertocastro/px4_drone/build/px4_control/build/lib/px4_control/drone1.py -> /home/albertocastro/px4_drone/install/px4_control/lib/python3.10/site-packages/px4_control
[3.367s] copying /home/albertocastro/px4_drone/build/px4_control/build/lib/px4_control/control_keyboard.py -> /home/albertocastro/px4_drone/install/px4_control/lib/python3.10/site-packages/px4_control
[3.371s] byte-compiling /home/albertocastro/px4_drone/install/px4_control/lib/python3.10/site-packages/px4_control/drone1.py to drone1.cpython-310.pyc
[3.382s] byte-compiling /home/albertocastro/px4_drone/install/px4_control/lib/python3.10/site-packages/px4_control/control_keyboard.py to control_keyboard.cpython-310.pyc
[3.386s] running install_data
[3.416s] copying package.xml -> /home/albertocastro/px4_drone/install/px4_control/share/px4_control
[3.418s] running install_egg_info
[3.444s] removing '/home/albertocastro/px4_drone/install/px4_control/lib/python3.10/site-packages/px4_control-0.0.0-py3.10.egg-info' (and everything under it)
[3.445s] Copying ../../build/px4_control/px4_control.egg-info to /home/albertocastro/px4_drone/install/px4_control/lib/python3.10/site-packages/px4_control-0.0.0-py3.10.egg-info
[3.447s] running install_scripts
[3.975s] Installing drone1 script to /home/albertocastro/px4_drone/install/px4_control/lib/px4_control
[3.977s] Installing keyboard script to /home/albertocastro/px4_drone/install/px4_control/lib/px4_control
[3.978s] writing list of installed files to '/home/albertocastro/px4_drone/build/px4_control/install.log'
[4.038s] Invoked command in '/home/albertocastro/px4_drone/src/px4_control' returned '0': PS1=(venv) \[\e]0;\u@\h: \w\a\]${debian_chroot:+($debian_chroot)}\[\033[01;32m\]\u@\h\[\033[00m\]:\[\033[01;34m\]\w\[\033[00m\]\$ PYTHONPATH=/home/albertocastro/px4_drone/build/px4_control/prefix_override:/home/albertocastro/px4_drone/install/px4_control/lib/python3.10/site-packages:${PYTHONPATH} VIRTUAL_ENV_PROMPT=(venv) /usr/bin/python3 setup.py egg_info --egg-base ../../build/px4_control build --build-base /home/albertocastro/px4_drone/build/px4_control/build install --record /home/albertocastro/px4_drone/build/px4_control/install.log --single-version-externally-managed
