running develop
/home/albertocastro/.local/lib/python3.10/site-packages/setuptools/command/develop.py:40: EasyInstallDeprecationWarning: easy_install command is deprecated.
!!

        ********************************************************************************
        Please avoid running ``setup.py`` and ``easy_install``.
        Instead, use pypa/build, pypa/installer or other
        standards-based tools.

        See https://github.com/pypa/setuptools/issues/917 for details.
        ********************************************************************************

!!
  easy_install.initialize_options(self)
/home/albertocastro/.local/lib/python3.10/site-packages/setuptools/_distutils/cmd.py:66: SetuptoolsDeprecationWarning: setup.py install is deprecated.
!!

        ********************************************************************************
        Please avoid running ``setup.py`` directly.
        Instead, use pypa/build, pypa/installer or other
        standards-based tools.

        See https://blog.ganssle.io/articles/2021/10/setup-py-deprecated.html for details.
        ********************************************************************************

!!
  self.initialize_options()
running egg_info
writing px4_control.egg-info/PKG-INFO
writing dependency_links to px4_control.egg-info/dependency_links.txt
writing entry points to px4_control.egg-info/entry_points.txt
writing requirements to px4_control.egg-info/requires.txt
writing top-level names to px4_control.egg-info/top_level.txt
reading manifest file 'px4_control.egg-info/SOURCES.txt'
writing manifest file 'px4_control.egg-info/SOURCES.txt'
running build_ext
Creating /home/albertocastro/px4_drone/install/px4_control/lib/python3.10/site-packages/px4-control.egg-link (link to .)
Installing drone1 script to /home/albertocastro/px4_drone/install/px4_control/lib/px4_control
Installing keyboard script to /home/albertocastro/px4_drone/install/px4_control/lib/px4_control

Installed /home/albertocastro/px4_drone/build/px4_control
running install_data
