[1.316s] Invoking command in '/home/albertocastro/px4_drone/build/px4_control': PS1=(venv) ${debian_chroot:+($debian_chroot)}\[\033[01;32m\]\u@\h\[\033[00m\]:\[\033[01;34m\]\w\[\033[00m\]\$ PYTHONPATH=/home/albertocastro/px4_drone/build/px4_control/prefix_override:/home/albertocastro/px4_drone/install/px4_control/lib/python3.10/site-packages:${PYTHONPATH} VIRTUAL_ENV_PROMPT=(venv) /usr/bin/python3 setup.py develop --editable --build-directory /home/albertocastro/px4_drone/build/px4_control/build --no-deps install_data
[1.761s] running develop
[1.762s] /home/albertocastro/.local/lib/python3.10/site-packages/setuptools/command/develop.py:40: EasyInstallDeprecationWarning: easy_install command is deprecated.
[1.762s] !!
[1.762s] 
[1.762s]         ********************************************************************************
[1.763s]         Please avoid running ``setup.py`` and ``easy_install``.
[1.763s]         Instead, use pypa/build, pypa/installer or other
[1.763s]         standards-based tools.
[1.763s] 
[1.763s]         See https://github.com/pypa/setuptools/issues/917 for details.
[1.763s]         ********************************************************************************
[1.764s] 
[1.764s] !!
[1.764s]   easy_install.initialize_options(self)
[1.807s] /home/albertocastro/.local/lib/python3.10/site-packages/setuptools/_distutils/cmd.py:66: SetuptoolsDeprecationWarning: setup.py install is deprecated.
[1.807s] !!
[1.807s] 
[1.807s]         ********************************************************************************
[1.808s]         Please avoid running ``setup.py`` directly.
[1.808s]         Instead, use pypa/build, pypa/installer or other
[1.808s]         standards-based tools.
[1.808s] 
[1.808s]         See https://blog.ganssle.io/articles/2021/10/setup-py-deprecated.html for details.
[1.808s]         ********************************************************************************
[1.809s] 
[1.809s] !!
[1.809s]   self.initialize_options()
[2.078s] running egg_info
[2.097s] writing px4_control.egg-info/PKG-INFO
[2.099s] writing dependency_links to px4_control.egg-info/dependency_links.txt
[2.099s] writing entry points to px4_control.egg-info/entry_points.txt
[2.100s] writing requirements to px4_control.egg-info/requires.txt
[2.100s] writing top-level names to px4_control.egg-info/top_level.txt
[2.147s] reading manifest file 'px4_control.egg-info/SOURCES.txt'
[2.149s] writing manifest file 'px4_control.egg-info/SOURCES.txt'
[2.171s] running build_ext
[2.172s] Creating /home/albertocastro/px4_drone/install/px4_control/lib/python3.10/site-packages/px4-control.egg-link (link to .)
[2.174s] Installing drone1 script to /home/albertocastro/px4_drone/install/px4_control/lib/px4_control
[2.174s] Installing keyboard script to /home/albertocastro/px4_drone/install/px4_control/lib/px4_control
[2.174s] 
[2.175s] Installed /home/albertocastro/px4_drone/build/px4_control
[2.175s] running install_data
[2.225s] Invoked command in '/home/albertocastro/px4_drone/build/px4_control' returned '0': PS1=(venv) ${debian_chroot:+($debian_chroot)}\[\033[01;32m\]\u@\h\[\033[00m\]:\[\033[01;34m\]\w\[\033[00m\]\$ PYTHONPATH=/home/albertocastro/px4_drone/build/px4_control/prefix_override:/home/albertocastro/px4_drone/install/px4_control/lib/python3.10/site-packages:${PYTHONPATH} VIRTUAL_ENV_PROMPT=(venv) /usr/bin/python3 setup.py develop --editable --build-directory /home/albertocastro/px4_drone/build/px4_control/build --no-deps install_data
