[35m[1mConsolidate compiler generated dependencies of target vehicle_gps_position_listener[0m
[ 20%] Built target frame_transforms
[ 40%] Built target sensor_combined_listener
[ 60%] Built target debug_vect_advertiser
[ 70%] [32mBuilding CXX object CMakeFiles/vehicle_gps_position_listener.dir/src/examples/listeners/vehicle_gps_position_listener.cpp.o[0m
[ 90%] Built target offboard_control
[100%] [32m[1mLinking CXX executable vehicle_gps_position_listener[0m
[100%] Built target vehicle_gps_position_listener
-- Install configuration: ""
-- Installing: /home/albertocastro/px4_drone/install/px4_ros_com/lib/px4_ros_com/sensor_combined_listener
-- Set runtime path of "/home/albertocastro/px4_drone/install/px4_ros_com/lib/px4_ros_com/sensor_combined_listener" to ""
-- Installing: /home/albertocastro/px4_drone/install/px4_ros_com/lib/px4_ros_com/vehicle_gps_position_listener
-- Set runtime path of "/home/albertocastro/px4_drone/install/px4_ros_com/lib/px4_ros_com/vehicle_gps_position_listener" to ""
-- Installing: /home/albertocastro/px4_drone/install/px4_ros_com/lib/px4_ros_com/debug_vect_advertiser
-- Set runtime path of "/home/albertocastro/px4_drone/install/px4_ros_com/lib/px4_ros_com/debug_vect_advertiser" to ""
-- Installing: /home/albertocastro/px4_drone/install/px4_ros_com/lib/px4_ros_com/offboard_control
-- Set runtime path of "/home/albertocastro/px4_drone/install/px4_ros_com/lib/px4_ros_com/offboard_control" to ""
-- Installing: /home/albertocastro/px4_drone/install/px4_ros_com/share/px4_ros_com/environment/library_path.sh
-- Installing: /home/albertocastro/px4_drone/install/px4_ros_com/share/px4_ros_com/environment/library_path.dsv
-- Installing: /home/albertocastro/px4_drone/install/px4_ros_com/include/px4_ros_com
-- Installing: /home/albertocastro/px4_drone/install/px4_ros_com/include/px4_ros_com/frame_transforms.h
-- Installing: /home/albertocastro/px4_drone/install/px4_ros_com/lib/libframe_transforms.so
-- Set runtime path of "/home/albertocastro/px4_drone/install/px4_ros_com/lib/libframe_transforms.so" to ""
-- Installing: /home/albertocastro/px4_drone/install/px4_ros_com/share/px4_ros_com//launch
-- Installing: /home/albertocastro/px4_drone/install/px4_ros_com/share/px4_ros_com//launch/offboard_control_launch.yaml
-- Installing: /home/albertocastro/px4_drone/install/px4_ros_com/share/px4_ros_com//launch/sensor_combined_listener.launch.py
-- Installing: /home/albertocastro/px4_drone/install/px4_ros_com/share/px4_ros_com//test
-- Installing: /home/albertocastro/px4_drone/install/px4_ros_com/share/px4_ros_com//test/test_input.py
-- Installing: /home/albertocastro/px4_drone/install/px4_ros_com/share/px4_ros_com//test/pipeline_io_test.py
-- Installing: /home/albertocastro/px4_drone/install/px4_ros_com/share/px4_ros_com//test/test_output.py
-- Installing: /home/albertocastro/px4_drone/install/px4_ros_com/share/px4_ros_com//test/__init__.py
-- Installing: /home/albertocastro/px4_drone/install/px4_ros_com/share/ament_index/resource_index/package_run_dependencies/px4_ros_com
-- Installing: /home/albertocastro/px4_drone/install/px4_ros_com/share/ament_index/resource_index/parent_prefix_path/px4_ros_com
-- Installing: /home/albertocastro/px4_drone/install/px4_ros_com/share/px4_ros_com/environment/ament_prefix_path.sh
-- Installing: /home/albertocastro/px4_drone/install/px4_ros_com/share/px4_ros_com/environment/ament_prefix_path.dsv
-- Installing: /home/albertocastro/px4_drone/install/px4_ros_com/share/px4_ros_com/environment/path.sh
-- Installing: /home/albertocastro/px4_drone/install/px4_ros_com/share/px4_ros_com/environment/path.dsv
-- Installing: /home/albertocastro/px4_drone/install/px4_ros_com/share/px4_ros_com/local_setup.bash
-- Installing: /home/albertocastro/px4_drone/install/px4_ros_com/share/px4_ros_com/local_setup.sh
-- Installing: /home/albertocastro/px4_drone/install/px4_ros_com/share/px4_ros_com/local_setup.zsh
-- Installing: /home/albertocastro/px4_drone/install/px4_ros_com/share/px4_ros_com/local_setup.dsv
-- Installing: /home/albertocastro/px4_drone/install/px4_ros_com/share/px4_ros_com/package.dsv
-- Installing: /home/albertocastro/px4_drone/install/px4_ros_com/share/ament_index/resource_index/packages/px4_ros_com
-- Installing: /home/albertocastro/px4_drone/install/px4_ros_com/share/px4_ros_com/cmake/export_frame_transformsExport.cmake
-- Installing: /home/albertocastro/px4_drone/install/px4_ros_com/share/px4_ros_com/cmake/export_frame_transformsExport-noconfig.cmake
-- Installing: /home/albertocastro/px4_drone/install/px4_ros_com/share/px4_ros_com/cmake/ament_cmake_export_dependencies-extras.cmake
-- Installing: /home/albertocastro/px4_drone/install/px4_ros_com/share/px4_ros_com/cmake/ament_cmake_export_targets-extras.cmake
-- Installing: /home/albertocastro/px4_drone/install/px4_ros_com/share/px4_ros_com/cmake/ament_cmake_export_include_directories-extras.cmake
-- Installing: /home/albertocastro/px4_drone/install/px4_ros_com/share/px4_ros_com/cmake/ament_cmake_export_libraries-extras.cmake
-- Installing: /home/albertocastro/px4_drone/install/px4_ros_com/share/px4_ros_com/cmake/px4_ros_comConfig.cmake
-- Installing: /home/albertocastro/px4_drone/install/px4_ros_com/share/px4_ros_com/cmake/px4_ros_comConfig-version.cmake
-- Installing: /home/albertocastro/px4_drone/install/px4_ros_com/share/px4_ros_com/package.xml
