[0.024s] Invoking command in '/home/albertocastro/px4_drone/build/px4_ros_com': AMENT_PREFIX_PATH=/home/albertocastro/px4_drone/install/px4_msgs:${AMENT_PREFIX_PATH} CMAKE_PREFIX_PATH=/home/albertocastro/px4_drone/install/px4_msgs:/opt/ros/humble LD_LIBRARY_PATH=/home/albertocastro/px4_drone/install/px4_msgs/lib:${LD_LIBRARY_PATH} PYTHONPATH=/home/albertocastro/px4_drone/install/px4_msgs/local/lib/python3.10/dist-packages:${PYTHONPATH} /usr/bin/cmake --build /home/albertocastro/px4_drone/build/px4_ros_com -- -j4 -l4
[0.086s] [35m[1mConsolidate compiler generated dependencies of target vehicle_gps_position_listener[0m
[0.106s] [ 20%] Built target frame_transforms
[0.110s] [ 40%] Built target sensor_combined_listener
[0.124s] [ 60%] Built target debug_vect_advertiser
[0.131s] [ 70%] [32mBuilding CXX object CMakeFiles/vehicle_gps_position_listener.dir/src/examples/listeners/vehicle_gps_position_listener.cpp.o[0m
[0.147s] [ 90%] Built target offboard_control
[10.425s] [100%] [32m[1mLinking CXX executable vehicle_gps_position_listener[0m
[10.979s] [100%] Built target vehicle_gps_position_listener
[10.993s] Invoked command in '/home/albertocastro/px4_drone/build/px4_ros_com' returned '0': AMENT_PREFIX_PATH=/home/albertocastro/px4_drone/install/px4_msgs:${AMENT_PREFIX_PATH} CMAKE_PREFIX_PATH=/home/albertocastro/px4_drone/install/px4_msgs:/opt/ros/humble LD_LIBRARY_PATH=/home/albertocastro/px4_drone/install/px4_msgs/lib:${LD_LIBRARY_PATH} PYTHONPATH=/home/albertocastro/px4_drone/install/px4_msgs/local/lib/python3.10/dist-packages:${PYTHONPATH} /usr/bin/cmake --build /home/albertocastro/px4_drone/build/px4_ros_com -- -j4 -l4
[11.044s] Invoking command in '/home/albertocastro/px4_drone/build/px4_ros_com': AMENT_PREFIX_PATH=/home/albertocastro/px4_drone/install/px4_msgs:${AMENT_PREFIX_PATH} CMAKE_PREFIX_PATH=/home/albertocastro/px4_drone/install/px4_msgs:/opt/ros/humble LD_LIBRARY_PATH=/home/albertocastro/px4_drone/install/px4_msgs/lib:${LD_LIBRARY_PATH} PYTHONPATH=/home/albertocastro/px4_drone/install/px4_msgs/local/lib/python3.10/dist-packages:${PYTHONPATH} /usr/bin/cmake --install /home/albertocastro/px4_drone/build/px4_ros_com
[11.053s] -- Install configuration: ""
[11.053s] -- Installing: /home/albertocastro/px4_drone/install/px4_ros_com/lib/px4_ros_com/sensor_combined_listener
[11.057s] -- Set runtime path of "/home/albertocastro/px4_drone/install/px4_ros_com/lib/px4_ros_com/sensor_combined_listener" to ""
[11.057s] -- Installing: /home/albertocastro/px4_drone/install/px4_ros_com/lib/px4_ros_com/vehicle_gps_position_listener
[11.061s] -- Set runtime path of "/home/albertocastro/px4_drone/install/px4_ros_com/lib/px4_ros_com/vehicle_gps_position_listener" to ""
[11.062s] -- Installing: /home/albertocastro/px4_drone/install/px4_ros_com/lib/px4_ros_com/debug_vect_advertiser
[11.063s] -- Set runtime path of "/home/albertocastro/px4_drone/install/px4_ros_com/lib/px4_ros_com/debug_vect_advertiser" to ""
[11.063s] -- Installing: /home/albertocastro/px4_drone/install/px4_ros_com/lib/px4_ros_com/offboard_control
[11.066s] -- Set runtime path of "/home/albertocastro/px4_drone/install/px4_ros_com/lib/px4_ros_com/offboard_control" to ""
[11.067s] -- Installing: /home/albertocastro/px4_drone/install/px4_ros_com/share/px4_ros_com/environment/library_path.sh
[11.067s] -- Installing: /home/albertocastro/px4_drone/install/px4_ros_com/share/px4_ros_com/environment/library_path.dsv
[11.067s] -- Installing: /home/albertocastro/px4_drone/install/px4_ros_com/include/px4_ros_com
[11.068s] -- Installing: /home/albertocastro/px4_drone/install/px4_ros_com/include/px4_ros_com/frame_transforms.h
[11.068s] -- Installing: /home/albertocastro/px4_drone/install/px4_ros_com/lib/libframe_transforms.so
[11.074s] -- Set runtime path of "/home/albertocastro/px4_drone/install/px4_ros_com/lib/libframe_transforms.so" to ""
[11.074s] -- Installing: /home/albertocastro/px4_drone/install/px4_ros_com/share/px4_ros_com//launch
[11.074s] -- Installing: /home/albertocastro/px4_drone/install/px4_ros_com/share/px4_ros_com//launch/offboard_control_launch.yaml
[11.074s] -- Installing: /home/albertocastro/px4_drone/install/px4_ros_com/share/px4_ros_com//launch/sensor_combined_listener.launch.py
[11.074s] -- Installing: /home/albertocastro/px4_drone/install/px4_ros_com/share/px4_ros_com//test
[11.075s] -- Installing: /home/albertocastro/px4_drone/install/px4_ros_com/share/px4_ros_com//test/test_input.py
[11.075s] -- Installing: /home/albertocastro/px4_drone/install/px4_ros_com/share/px4_ros_com//test/pipeline_io_test.py
[11.075s] -- Installing: /home/albertocastro/px4_drone/install/px4_ros_com/share/px4_ros_com//test/test_output.py
[11.075s] -- Installing: /home/albertocastro/px4_drone/install/px4_ros_com/share/px4_ros_com//test/__init__.py
[11.076s] -- Installing: /home/albertocastro/px4_drone/install/px4_ros_com/share/ament_index/resource_index/package_run_dependencies/px4_ros_com
[11.076s] -- Installing: /home/albertocastro/px4_drone/install/px4_ros_com/share/ament_index/resource_index/parent_prefix_path/px4_ros_com
[11.076s] -- Installing: /home/albertocastro/px4_drone/install/px4_ros_com/share/px4_ros_com/environment/ament_prefix_path.sh
[11.076s] -- Installing: /home/albertocastro/px4_drone/install/px4_ros_com/share/px4_ros_com/environment/ament_prefix_path.dsv
[11.076s] -- Installing: /home/albertocastro/px4_drone/install/px4_ros_com/share/px4_ros_com/environment/path.sh
[11.077s] -- Installing: /home/albertocastro/px4_drone/install/px4_ros_com/share/px4_ros_com/environment/path.dsv
[11.077s] -- Installing: /home/albertocastro/px4_drone/install/px4_ros_com/share/px4_ros_com/local_setup.bash
[11.077s] -- Installing: /home/albertocastro/px4_drone/install/px4_ros_com/share/px4_ros_com/local_setup.sh
[11.078s] -- Installing: /home/albertocastro/px4_drone/install/px4_ros_com/share/px4_ros_com/local_setup.zsh
[11.078s] -- Installing: /home/albertocastro/px4_drone/install/px4_ros_com/share/px4_ros_com/local_setup.dsv
[11.078s] -- Installing: /home/albertocastro/px4_drone/install/px4_ros_com/share/px4_ros_com/package.dsv
[11.078s] -- Installing: /home/albertocastro/px4_drone/install/px4_ros_com/share/ament_index/resource_index/packages/px4_ros_com
[11.079s] -- Installing: /home/albertocastro/px4_drone/install/px4_ros_com/share/px4_ros_com/cmake/export_frame_transformsExport.cmake
[11.079s] -- Installing: /home/albertocastro/px4_drone/install/px4_ros_com/share/px4_ros_com/cmake/export_frame_transformsExport-noconfig.cmake
[11.079s] -- Installing: /home/albertocastro/px4_drone/install/px4_ros_com/share/px4_ros_com/cmake/ament_cmake_export_dependencies-extras.cmake
[11.080s] -- Installing: /home/albertocastro/px4_drone/install/px4_ros_com/share/px4_ros_com/cmake/ament_cmake_export_targets-extras.cmake
[11.080s] -- Installing: /home/albertocastro/px4_drone/install/px4_ros_com/share/px4_ros_com/cmake/ament_cmake_export_include_directories-extras.cmake
[11.080s] -- Installing: /home/albertocastro/px4_drone/install/px4_ros_com/share/px4_ros_com/cmake/ament_cmake_export_libraries-extras.cmake
[11.080s] -- Installing: /home/albertocastro/px4_drone/install/px4_ros_com/share/px4_ros_com/cmake/px4_ros_comConfig.cmake
[11.081s] -- Installing: /home/albertocastro/px4_drone/install/px4_ros_com/share/px4_ros_com/cmake/px4_ros_comConfig-version.cmake
[11.081s] -- Installing: /home/albertocastro/px4_drone/install/px4_ros_com/share/px4_ros_com/package.xml
[11.085s] Invoked command in '/home/albertocastro/px4_drone/build/px4_ros_com' returned '0': AMENT_PREFIX_PATH=/home/albertocastro/px4_drone/install/px4_msgs:${AMENT_PREFIX_PATH} CMAKE_PREFIX_PATH=/home/albertocastro/px4_drone/install/px4_msgs:/opt/ros/humble LD_LIBRARY_PATH=/home/albertocastro/px4_drone/install/px4_msgs/lib:${LD_LIBRARY_PATH} PYTHONPATH=/home/albertocastro/px4_drone/install/px4_msgs/local/lib/python3.10/dist-packages:${PYTHONPATH} /usr/bin/cmake --install /home/albertocastro/px4_drone/build/px4_ros_com
