[0.026s] Invoking command in '/home/albertocastro/px4_drone/build/px4_ros_com': CMAKE_PREFIX_PATH=/home/albertocastro/px4_drone/install/px4_msgs:/home/albertocastro/px4_drone/install/px4_ros_com:/home/albertocastro/px4_drone/install/px4_control:/opt/ros/humble LD_LIBRARY_PATH=/home/albertocastro/px4_drone/install/px4_msgs/lib:/home/albertocastro/px4_drone/install/px4_ros_com/lib:/opt/ros/humble/opt/rviz_ogre_vendor/lib:/opt/ros/humble/lib/x86_64-linux-gnu:/opt/ros/humble/lib PS1=(venv) ${debian_chroot:+($debian_chroot)}\[\033[01;32m\]\u@\h\[\033[00m\]:\[\033[01;34m\]\w\[\033[00m\]\$ VIRTUAL_ENV_PROMPT=(venv) /usr/bin/cmake --build /home/albertocastro/px4_drone/build/px4_ros_com -- -j4 -l4
[0.160s] [ 50%] Built target vehicle_gps_position_listener
[0.161s] [ 50%] Built target debug_vect_advertiser
[0.161s] [ 70%] Built target frame_transforms
[0.161s] [ 80%] Built target sensor_combined_listener
[0.195s] [100%] Built target offboard_control
[0.211s] Invoked command in '/home/albertocastro/px4_drone/build/px4_ros_com' returned '0': CMAKE_PREFIX_PATH=/home/albertocastro/px4_drone/install/px4_msgs:/home/albertocastro/px4_drone/install/px4_ros_com:/home/albertocastro/px4_drone/install/px4_control:/opt/ros/humble LD_LIBRARY_PATH=/home/albertocastro/px4_drone/install/px4_msgs/lib:/home/albertocastro/px4_drone/install/px4_ros_com/lib:/opt/ros/humble/opt/rviz_ogre_vendor/lib:/opt/ros/humble/lib/x86_64-linux-gnu:/opt/ros/humble/lib PS1=(venv) ${debian_chroot:+($debian_chroot)}\[\033[01;32m\]\u@\h\[\033[00m\]:\[\033[01;34m\]\w\[\033[00m\]\$ VIRTUAL_ENV_PROMPT=(venv) /usr/bin/cmake --build /home/albertocastro/px4_drone/build/px4_ros_com -- -j4 -l4
[0.285s] Invoking command in '/home/albertocastro/px4_drone/build/px4_ros_com': CMAKE_PREFIX_PATH=/home/albertocastro/px4_drone/install/px4_msgs:/home/albertocastro/px4_drone/install/px4_ros_com:/home/albertocastro/px4_drone/install/px4_control:/opt/ros/humble LD_LIBRARY_PATH=/home/albertocastro/px4_drone/install/px4_msgs/lib:/home/albertocastro/px4_drone/install/px4_ros_com/lib:/opt/ros/humble/opt/rviz_ogre_vendor/lib:/opt/ros/humble/lib/x86_64-linux-gnu:/opt/ros/humble/lib PS1=(venv) ${debian_chroot:+($debian_chroot)}\[\033[01;32m\]\u@\h\[\033[00m\]:\[\033[01;34m\]\w\[\033[00m\]\$ VIRTUAL_ENV_PROMPT=(venv) /usr/bin/cmake --install /home/albertocastro/px4_drone/build/px4_ros_com
[0.305s] -- Install configuration: ""
[0.308s] -- Up-to-date: /home/albertocastro/px4_drone/install/px4_ros_com/lib/px4_ros_com/sensor_combined_listener
[0.311s] -- Up-to-date: /home/albertocastro/px4_drone/install/px4_ros_com/lib/px4_ros_com/vehicle_gps_position_listener
[0.314s] -- Up-to-date: /home/albertocastro/px4_drone/install/px4_ros_com/lib/px4_ros_com/debug_vect_advertiser
[0.316s] -- Up-to-date: /home/albertocastro/px4_drone/install/px4_ros_com/lib/px4_ros_com/offboard_control
[0.319s] -- Up-to-date: /home/albertocastro/px4_drone/install/px4_ros_com/share/px4_ros_com/environment/library_path.sh
[0.320s] -- Up-to-date: /home/albertocastro/px4_drone/install/px4_ros_com/share/px4_ros_com/environment/library_path.dsv
[0.321s] -- Up-to-date: /home/albertocastro/px4_drone/install/px4_ros_com/include/px4_ros_com
[0.323s] -- Up-to-date: /home/albertocastro/px4_drone/install/px4_ros_com/include/px4_ros_com/frame_transforms.h
[0.324s] -- Up-to-date: /home/albertocastro/px4_drone/install/px4_ros_com/lib/libframe_transforms.so
[0.330s] -- Up-to-date: /home/albertocastro/px4_drone/install/px4_ros_com/share/px4_ros_com//launch
[0.330s] -- Up-to-date: /home/albertocastro/px4_drone/install/px4_ros_com/share/px4_ros_com//launch/offboard_control_launch.yaml
[0.330s] -- Up-to-date: /home/albertocastro/px4_drone/install/px4_ros_com/share/px4_ros_com//launch/sensor_combined_listener.launch.py
[0.331s] -- Up-to-date: /home/albertocastro/px4_drone/install/px4_ros_com/share/px4_ros_com//test
[0.331s] -- Up-to-date: /home/albertocastro/px4_drone/install/px4_ros_com/share/px4_ros_com//test/test_input.py
[0.331s] -- Up-to-date: /home/albertocastro/px4_drone/install/px4_ros_com/share/px4_ros_com//test/pipeline_io_test.py
[0.331s] -- Up-to-date: /home/albertocastro/px4_drone/install/px4_ros_com/share/px4_ros_com//test/test_output.py
[0.331s] -- Up-to-date: /home/albertocastro/px4_drone/install/px4_ros_com/share/px4_ros_com//test/__init__.py
[0.331s] -- Up-to-date: /home/albertocastro/px4_drone/install/px4_ros_com/share/ament_index/resource_index/package_run_dependencies/px4_ros_com
[0.332s] -- Up-to-date: /home/albertocastro/px4_drone/install/px4_ros_com/share/ament_index/resource_index/parent_prefix_path/px4_ros_com
[0.332s] -- Up-to-date: /home/albertocastro/px4_drone/install/px4_ros_com/share/px4_ros_com/environment/ament_prefix_path.sh
[0.332s] -- Up-to-date: /home/albertocastro/px4_drone/install/px4_ros_com/share/px4_ros_com/environment/ament_prefix_path.dsv
[0.332s] -- Up-to-date: /home/albertocastro/px4_drone/install/px4_ros_com/share/px4_ros_com/environment/path.sh
[0.332s] -- Up-to-date: /home/albertocastro/px4_drone/install/px4_ros_com/share/px4_ros_com/environment/path.dsv
[0.332s] -- Up-to-date: /home/albertocastro/px4_drone/install/px4_ros_com/share/px4_ros_com/local_setup.bash
[0.332s] -- Up-to-date: /home/albertocastro/px4_drone/install/px4_ros_com/share/px4_ros_com/local_setup.sh
[0.333s] -- Up-to-date: /home/albertocastro/px4_drone/install/px4_ros_com/share/px4_ros_com/local_setup.zsh
[0.333s] -- Up-to-date: /home/albertocastro/px4_drone/install/px4_ros_com/share/px4_ros_com/local_setup.dsv
[0.333s] -- Installing: /home/albertocastro/px4_drone/install/px4_ros_com/share/px4_ros_com/package.dsv
[0.333s] -- Up-to-date: /home/albertocastro/px4_drone/install/px4_ros_com/share/ament_index/resource_index/packages/px4_ros_com
[0.333s] -- Up-to-date: /home/albertocastro/px4_drone/install/px4_ros_com/share/px4_ros_com/cmake/export_frame_transformsExport.cmake
[0.342s] -- Up-to-date: /home/albertocastro/px4_drone/install/px4_ros_com/share/px4_ros_com/cmake/export_frame_transformsExport-noconfig.cmake
[0.342s] -- Up-to-date: /home/albertocastro/px4_drone/install/px4_ros_com/share/px4_ros_com/cmake/ament_cmake_export_dependencies-extras.cmake
[0.342s] -- Up-to-date: /home/albertocastro/px4_drone/install/px4_ros_com/share/px4_ros_com/cmake/ament_cmake_export_targets-extras.cmake
[0.342s] -- Up-to-date: /home/albertocastro/px4_drone/install/px4_ros_com/share/px4_ros_com/cmake/ament_cmake_export_include_directories-extras.cmake
[0.342s] -- Up-to-date: /home/albertocastro/px4_drone/install/px4_ros_com/share/px4_ros_com/cmake/ament_cmake_export_libraries-extras.cmake
[0.342s] -- Up-to-date: /home/albertocastro/px4_drone/install/px4_ros_com/share/px4_ros_com/cmake/px4_ros_comConfig.cmake
[0.343s] -- Up-to-date: /home/albertocastro/px4_drone/install/px4_ros_com/share/px4_ros_com/cmake/px4_ros_comConfig-version.cmake
[0.343s] -- Up-to-date: /home/albertocastro/px4_drone/install/px4_ros_com/share/px4_ros_com/package.xml
[0.343s] Invoked command in '/home/albertocastro/px4_drone/build/px4_ros_com' returned '0': CMAKE_PREFIX_PATH=/home/albertocastro/px4_drone/install/px4_msgs:/home/albertocastro/px4_drone/install/px4_ros_com:/home/albertocastro/px4_drone/install/px4_control:/opt/ros/humble LD_LIBRARY_PATH=/home/albertocastro/px4_drone/install/px4_msgs/lib:/home/albertocastro/px4_drone/install/px4_ros_com/lib:/opt/ros/humble/opt/rviz_ogre_vendor/lib:/opt/ros/humble/lib/x86_64-linux-gnu:/opt/ros/humble/lib PS1=(venv) ${debian_chroot:+($debian_chroot)}\[\033[01;32m\]\u@\h\[\033[00m\]:\[\033[01;34m\]\w\[\033[00m\]\$ VIRTUAL_ENV_PROMPT=(venv) /usr/bin/cmake --install /home/albertocastro/px4_drone/build/px4_ros_com
