running egg_info
writing ../../build/px4_control/px4_control.egg-info/PKG-INFO
writing dependency_links to ../../build/px4_control/px4_control.egg-info/dependency_links.txt
writing entry points to ../../build/px4_control/px4_control.egg-info/entry_points.txt
writing requirements to ../../build/px4_control/px4_control.egg-info/requires.txt
writing top-level names to ../../build/px4_control/px4_control.egg-info/top_level.txt
reading manifest file '../../build/px4_control/px4_control.egg-info/SOURCES.txt'
writing manifest file '../../build/px4_control/px4_control.egg-info/SOURCES.txt'
running build
running build_py
running install
/home/albertocastro/.local/lib/python3.10/site-packages/setuptools/_distutils/cmd.py:66: SetuptoolsDeprecationWarning: setup.py install is deprecated.
!!

        ********************************************************************************
        Please avoid running ``setup.py`` directly.
        Instead, use pypa/build, pypa/installer or other
        standards-based tools.

        See https://blog.ganssle.io/articles/2021/10/setup-py-deprecated.html for details.
        ********************************************************************************

!!
  self.initialize_options()
running install_lib
running install_data
copying package.xml -> /home/albertocastro/px4_drone/install/px4_control/share/px4_control
running install_egg_info
removing '/home/albertocastro/px4_drone/install/px4_control/lib/python3.10/site-packages/px4_control-0.0.0-py3.10.egg-info' (and everything under it)
Copying ../../build/px4_control/px4_control.egg-info to /home/albertocastro/px4_drone/install/px4_control/lib/python3.10/site-packages/px4_control-0.0.0-py3.10.egg-info
running install_scripts
Installing drone1 script to /home/albertocastro/px4_drone/install/px4_control/lib/px4_control
Installing keyboard script to /home/albertocastro/px4_drone/install/px4_control/lib/px4_control
writing list of installed files to '/home/albertocastro/px4_drone/build/px4_control/install.log'
