[1.205s] Invoking command in '/home/albertocastro/px4_drone/src/px4_control': PYTHONPATH=/home/albertocastro/px4_drone/build/px4_control/prefix_override:/home/albertocastro/px4_drone/install/px4_control/lib/python3.10/site-packages:${PYTHONPATH} /usr/bin/python3 setup.py egg_info --egg-base ../../build/px4_control build --build-base /home/albertocastro/px4_drone/build/px4_control/build install --record /home/albertocastro/px4_drone/build/px4_control/install.log --single-version-externally-managed
[1.485s] running egg_info
[1.504s] writing ../../build/px4_control/px4_control.egg-info/PKG-INFO
[1.505s] writing dependency_links to ../../build/px4_control/px4_control.egg-info/dependency_links.txt
[1.506s] writing entry points to ../../build/px4_control/px4_control.egg-info/entry_points.txt
[1.506s] writing requirements to ../../build/px4_control/px4_control.egg-info/requires.txt
[1.506s] writing top-level names to ../../build/px4_control/px4_control.egg-info/top_level.txt
[1.547s] reading manifest file '../../build/px4_control/px4_control.egg-info/SOURCES.txt'
[1.548s] writing manifest file '../../build/px4_control/px4_control.egg-info/SOURCES.txt'
[1.549s] running build
[1.549s] running build_py
[1.549s] running install
[1.550s] /home/albertocastro/.local/lib/python3.10/site-packages/setuptools/_distutils/cmd.py:66: SetuptoolsDeprecationWarning: setup.py install is deprecated.
[1.550s] !!
[1.550s] 
[1.550s]         ********************************************************************************
[1.550s]         Please avoid running ``setup.py`` directly.
[1.551s]         Instead, use pypa/build, pypa/installer or other
[1.551s]         standards-based tools.
[1.551s] 
[1.551s]         See https://blog.ganssle.io/articles/2021/10/setup-py-deprecated.html for details.
[1.551s]         ********************************************************************************
[1.551s] 
[1.551s] !!
[1.552s]   self.initialize_options()
[1.562s] running install_lib
[1.581s] running install_data
[1.600s] copying package.xml -> /home/albertocastro/px4_drone/install/px4_control/share/px4_control
[1.601s] running install_egg_info
[1.621s] removing '/home/albertocastro/px4_drone/install/px4_control/lib/python3.10/site-packages/px4_control-0.0.0-py3.10.egg-info' (and everything under it)
[1.622s] Copying ../../build/px4_control/px4_control.egg-info to /home/albertocastro/px4_drone/install/px4_control/lib/python3.10/site-packages/px4_control-0.0.0-py3.10.egg-info
[1.623s] running install_scripts
[1.850s] Installing drone1 script to /home/albertocastro/px4_drone/install/px4_control/lib/px4_control
[1.850s] Installing keyboard script to /home/albertocastro/px4_drone/install/px4_control/lib/px4_control
[1.850s] writing list of installed files to '/home/albertocastro/px4_drone/build/px4_control/install.log'
[1.889s] Invoked command in '/home/albertocastro/px4_drone/src/px4_control' returned '0': PYTHONPATH=/home/albertocastro/px4_drone/build/px4_control/prefix_override:/home/albertocastro/px4_drone/install/px4_control/lib/python3.10/site-packages:${PYTHONPATH} /usr/bin/python3 setup.py egg_info --egg-base ../../build/px4_control build --build-base /home/albertocastro/px4_drone/build/px4_control/build install --record /home/albertocastro/px4_drone/build/px4_control/install.log --single-version-externally-managed
