[0.028s] Invoking command in '/home/albertocastro/px4_drone/build/px4_ros_com': CMAKE_PREFIX_PATH=/home/albertocastro/px4_drone/install/px4_msgs:/home/albertocastro/px4_drone/install/px4_ros_com:/home/albertocastro/px4_drone/install/px4_control:/opt/ros/humble LD_LIBRARY_PATH=/home/albertocastro/px4_drone/install/px4_msgs/lib:/home/albertocastro/px4_drone/install/px4_ros_com/lib:/opt/ros/humble/opt/rviz_ogre_vendor/lib:/opt/ros/humble/lib/x86_64-linux-gnu:/opt/ros/humble/lib PS1=(venv) \[\e]0;\u@\h: \w\a\]${debian_chroot:+($debian_chroot)}\[\033[01;32m\]\u@\h\[\033[00m\]:\[\033[01;34m\]\w\[\033[00m\]\$ VIRTUAL_ENV_PROMPT=(venv) /usr/bin/cmake --build /home/albertocastro/px4_drone/build/px4_ros_com -- -j4 -l4
[0.150s] [35m[1mConsolidate compiler generated dependencies of target vehicle_gps_position_listener[0m
[0.189s] [ 40%] Built target sensor_combined_listener
[0.190s] [ 40%] Built target frame_transforms
[0.192s] [ 60%] Built target debug_vect_advertiser
[0.195s] [ 80%] Built target vehicle_gps_position_listener
[0.231s] [100%] Built target offboard_control
[0.245s] Invoked command in '/home/albertocastro/px4_drone/build/px4_ros_com' returned '0': CMAKE_PREFIX_PATH=/home/albertocastro/px4_drone/install/px4_msgs:/home/albertocastro/px4_drone/install/px4_ros_com:/home/albertocastro/px4_drone/install/px4_control:/opt/ros/humble LD_LIBRARY_PATH=/home/albertocastro/px4_drone/install/px4_msgs/lib:/home/albertocastro/px4_drone/install/px4_ros_com/lib:/opt/ros/humble/opt/rviz_ogre_vendor/lib:/opt/ros/humble/lib/x86_64-linux-gnu:/opt/ros/humble/lib PS1=(venv) \[\e]0;\u@\h: \w\a\]${debian_chroot:+($debian_chroot)}\[\033[01;32m\]\u@\h\[\033[00m\]:\[\033[01;34m\]\w\[\033[00m\]\$ VIRTUAL_ENV_PROMPT=(venv) /usr/bin/cmake --build /home/albertocastro/px4_drone/build/px4_ros_com -- -j4 -l4
[0.325s] Invoking command in '/home/albertocastro/px4_drone/build/px4_ros_com': CMAKE_PREFIX_PATH=/home/albertocastro/px4_drone/install/px4_msgs:/home/albertocastro/px4_drone/install/px4_ros_com:/home/albertocastro/px4_drone/install/px4_control:/opt/ros/humble LD_LIBRARY_PATH=/home/albertocastro/px4_drone/install/px4_msgs/lib:/home/albertocastro/px4_drone/install/px4_ros_com/lib:/opt/ros/humble/opt/rviz_ogre_vendor/lib:/opt/ros/humble/lib/x86_64-linux-gnu:/opt/ros/humble/lib PS1=(venv) \[\e]0;\u@\h: \w\a\]${debian_chroot:+($debian_chroot)}\[\033[01;32m\]\u@\h\[\033[00m\]:\[\033[01;34m\]\w\[\033[00m\]\$ VIRTUAL_ENV_PROMPT=(venv) /usr/bin/cmake --install /home/albertocastro/px4_drone/build/px4_ros_com
[0.343s] -- Install configuration: ""
[0.346s] -- Up-to-date: /home/albertocastro/px4_drone/install/px4_ros_com/lib/px4_ros_com/sensor_combined_listener
[0.348s] -- Up-to-date: /home/albertocastro/px4_drone/install/px4_ros_com/lib/px4_ros_com/vehicle_gps_position_listener
[0.351s] -- Up-to-date: /home/albertocastro/px4_drone/install/px4_ros_com/lib/px4_ros_com/debug_vect_advertiser
[0.353s] -- Up-to-date: /home/albertocastro/px4_drone/install/px4_ros_com/lib/px4_ros_com/offboard_control
[0.355s] -- Up-to-date: /home/albertocastro/px4_drone/install/px4_ros_com/share/px4_ros_com/environment/library_path.sh
[0.356s] -- Up-to-date: /home/albertocastro/px4_drone/install/px4_ros_com/share/px4_ros_com/environment/library_path.dsv
[0.357s] -- Up-to-date: /home/albertocastro/px4_drone/install/px4_ros_com/include/px4_ros_com
[0.358s] -- Up-to-date: /home/albertocastro/px4_drone/install/px4_ros_com/include/px4_ros_com/frame_transforms.h
[0.365s] -- Up-to-date: /home/albertocastro/px4_drone/install/px4_ros_com/lib/libframe_transforms.so
[0.365s] -- Up-to-date: /home/albertocastro/px4_drone/install/px4_ros_com/share/px4_ros_com//launch
[0.366s] -- Up-to-date: /home/albertocastro/px4_drone/install/px4_ros_com/share/px4_ros_com//launch/offboard_control_launch.yaml
[0.366s] -- Up-to-date: /home/albertocastro/px4_drone/install/px4_ros_com/share/px4_ros_com//launch/sensor_combined_listener.launch.py
[0.366s] -- Up-to-date: /home/albertocastro/px4_drone/install/px4_ros_com/share/px4_ros_com//test
[0.366s] -- Up-to-date: /home/albertocastro/px4_drone/install/px4_ros_com/share/px4_ros_com//test/test_input.py
[0.367s] -- Up-to-date: /home/albertocastro/px4_drone/install/px4_ros_com/share/px4_ros_com//test/pipeline_io_test.py
[0.367s] -- Up-to-date: /home/albertocastro/px4_drone/install/px4_ros_com/share/px4_ros_com//test/test_output.py
[0.367s] -- Up-to-date: /home/albertocastro/px4_drone/install/px4_ros_com/share/px4_ros_com//test/__init__.py
[0.367s] -- Up-to-date: /home/albertocastro/px4_drone/install/px4_ros_com/share/ament_index/resource_index/package_run_dependencies/px4_ros_com
[0.368s] -- Up-to-date: /home/albertocastro/px4_drone/install/px4_ros_com/share/ament_index/resource_index/parent_prefix_path/px4_ros_com
[0.368s] -- Up-to-date: /home/albertocastro/px4_drone/install/px4_ros_com/share/px4_ros_com/environment/ament_prefix_path.sh
[0.368s] -- Up-to-date: /home/albertocastro/px4_drone/install/px4_ros_com/share/px4_ros_com/environment/ament_prefix_path.dsv
[0.368s] -- Up-to-date: /home/albertocastro/px4_drone/install/px4_ros_com/share/px4_ros_com/environment/path.sh
[0.369s] -- Up-to-date: /home/albertocastro/px4_drone/install/px4_ros_com/share/px4_ros_com/environment/path.dsv
[0.369s] -- Up-to-date: /home/albertocastro/px4_drone/install/px4_ros_com/share/px4_ros_com/local_setup.bash
[0.369s] -- Up-to-date: /home/albertocastro/px4_drone/install/px4_ros_com/share/px4_ros_com/local_setup.sh
[0.369s] -- Up-to-date: /home/albertocastro/px4_drone/install/px4_ros_com/share/px4_ros_com/local_setup.zsh
[0.369s] -- Up-to-date: /home/albertocastro/px4_drone/install/px4_ros_com/share/px4_ros_com/local_setup.dsv
[0.369s] -- Installing: /home/albertocastro/px4_drone/install/px4_ros_com/share/px4_ros_com/package.dsv
[0.371s] -- Up-to-date: /home/albertocastro/px4_drone/install/px4_ros_com/share/ament_index/resource_index/packages/px4_ros_com
[0.372s] -- Up-to-date: /home/albertocastro/px4_drone/install/px4_ros_com/share/px4_ros_com/cmake/export_frame_transformsExport.cmake
[0.372s] -- Up-to-date: /home/albertocastro/px4_drone/install/px4_ros_com/share/px4_ros_com/cmake/export_frame_transformsExport-noconfig.cmake
[0.373s] -- Up-to-date: /home/albertocastro/px4_drone/install/px4_ros_com/share/px4_ros_com/cmake/ament_cmake_export_dependencies-extras.cmake
[0.373s] -- Up-to-date: /home/albertocastro/px4_drone/install/px4_ros_com/share/px4_ros_com/cmake/ament_cmake_export_targets-extras.cmake
[0.373s] -- Up-to-date: /home/albertocastro/px4_drone/install/px4_ros_com/share/px4_ros_com/cmake/ament_cmake_export_include_directories-extras.cmake
[0.373s] -- Up-to-date: /home/albertocastro/px4_drone/install/px4_ros_com/share/px4_ros_com/cmake/ament_cmake_export_libraries-extras.cmake
[0.373s] -- Up-to-date: /home/albertocastro/px4_drone/install/px4_ros_com/share/px4_ros_com/cmake/px4_ros_comConfig.cmake
[0.373s] -- Up-to-date: /home/albertocastro/px4_drone/install/px4_ros_com/share/px4_ros_com/cmake/px4_ros_comConfig-version.cmake
[0.374s] -- Up-to-date: /home/albertocastro/px4_drone/install/px4_ros_com/share/px4_ros_com/package.xml
[0.383s] Invoked command in '/home/albertocastro/px4_drone/build/px4_ros_com' returned '0': CMAKE_PREFIX_PATH=/home/albertocastro/px4_drone/install/px4_msgs:/home/albertocastro/px4_drone/install/px4_ros_com:/home/albertocastro/px4_drone/install/px4_control:/opt/ros/humble LD_LIBRARY_PATH=/home/albertocastro/px4_drone/install/px4_msgs/lib:/home/albertocastro/px4_drone/install/px4_ros_com/lib:/opt/ros/humble/opt/rviz_ogre_vendor/lib:/opt/ros/humble/lib/x86_64-linux-gnu:/opt/ros/humble/lib PS1=(venv) \[\e]0;\u@\h: \w\a\]${debian_chroot:+($debian_chroot)}\[\033[01;32m\]\u@\h\[\033[00m\]:\[\033[01;34m\]\w\[\033[00m\]\$ VIRTUAL_ENV_PROMPT=(venv) /usr/bin/cmake --install /home/albertocastro/px4_drone/build/px4_ros_com
