-- The C compiler identification is GNU 11.3.0
-- The CXX compiler identification is GNU 11.3.0
-- Detecting C compiler ABI info
-- Detecting C compiler ABI info - done
-- Check for working C compiler: /usr/bin/cc - skipped
-- Detecting C compile features
-- Detecting C compile features - done
-- Detecting CXX compiler ABI info
-- Detecting CXX compiler ABI info - done
-- Check for working CXX compiler: /usr/bin/c++ - skipped
-- Detecting CXX compile features
-- Detecting CXX compile features - done
-- Found ament_cmake: 1.3.5 (/opt/ros/humble/share/ament_cmake/cmake)
-- Found Python3: /usr/bin/python3.10 (found version "3.10.6") found components: Interpreter 
-- Found ament_lint_auto: 0.12.6 (/opt/ros/humble/share/ament_lint_auto/cmake)
-- Added test 'lint_cmake' to check CMake code style
-- Added test 'xmllint' to check XML markup files
-- Configuring done
-- Generating done
-- Build files have been written to: /home/albertocastro/px4_drone/build/px4_control
-- Install configuration: ""
-- Installing: /home/albertocastro/px4_drone/install/px4_control/share/ament_index/resource_index/package_run_dependencies/px4_control
-- Installing: /home/albertocastro/px4_drone/install/px4_control/share/ament_index/resource_index/parent_prefix_path/px4_control
-- Installing: /home/albertocastro/px4_drone/install/px4_control/share/px4_control/environment/ament_prefix_path.sh
-- Installing: /home/albertocastro/px4_drone/install/px4_control/share/px4_control/environment/ament_prefix_path.dsv
-- Installing: /home/albertocastro/px4_drone/install/px4_control/share/px4_control/environment/path.sh
-- Installing: /home/albertocastro/px4_drone/install/px4_control/share/px4_control/environment/path.dsv
-- Installing: /home/albertocastro/px4_drone/install/px4_control/share/px4_control/local_setup.bash
-- Installing: /home/albertocastro/px4_drone/install/px4_control/share/px4_control/local_setup.sh
-- Installing: /home/albertocastro/px4_drone/install/px4_control/share/px4_control/local_setup.zsh
-- Installing: /home/albertocastro/px4_drone/install/px4_control/share/px4_control/local_setup.dsv
-- Installing: /home/albertocastro/px4_drone/install/px4_control/share/px4_control/package.dsv
-- Installing: /home/albertocastro/px4_drone/install/px4_control/share/ament_index/resource_index/packages/px4_control
-- Installing: /home/albertocastro/px4_drone/install/px4_control/share/px4_control/cmake/px4_controlConfig.cmake
-- Installing: /home/albertocastro/px4_drone/install/px4_control/share/px4_control/cmake/px4_controlConfig-version.cmake
-- Installing: /home/albertocastro/px4_drone/install/px4_control/share/px4_control/package.xml
