[0.019s] Invoking command in '/home/albertocastro/px4_drone/build/px4_control': CMAKE_PREFIX_PATH=/opt/ros/humble /usr/bin/cmake /home/albertocastro/px4_drone/src/px4_control -DCMAKE_INSTALL_PREFIX=/home/albertocastro/px4_drone/install/px4_control
[0.083s] -- The C compiler identification is GNU 11.3.0
[0.150s] -- The CXX compiler identification is GNU 11.3.0
[0.158s] -- Detecting C compiler ABI info
[0.235s] -- Detecting C compiler ABI info - done
[0.251s] -- Check for working C compiler: /usr/bin/cc - skipped
[0.251s] -- Detecting C compile features
[0.252s] -- Detecting C compile features - done
[0.257s] -- Detecting CXX compiler ABI info
[0.353s] -- Detecting CXX compiler ABI info - done
[0.369s] -- Check for working CXX compiler: /usr/bin/c++ - skipped
[0.369s] -- Detecting CXX compile features
[0.370s] -- Detecting CXX compile features - done
[0.373s] -- Found ament_cmake: 1.3.5 (/opt/ros/humble/share/ament_cmake/cmake)
[0.826s] -- Found Python3: /usr/bin/python3.10 (found version "3.10.6") found components: Interpreter 
[0.931s] -- Found ament_lint_auto: 0.12.6 (/opt/ros/humble/share/ament_lint_auto/cmake)
[1.035s] -- Added test 'lint_cmake' to check CMake code style
[1.037s] -- Added test 'xmllint' to check XML markup files
[1.039s] -- Configuring done
[1.045s] -- Generating done
[1.046s] -- Build files have been written to: /home/albertocastro/px4_drone/build/px4_control
[1.053s] Invoked command in '/home/albertocastro/px4_drone/build/px4_control' returned '0': CMAKE_PREFIX_PATH=/opt/ros/humble /usr/bin/cmake /home/albertocastro/px4_drone/src/px4_control -DCMAKE_INSTALL_PREFIX=/home/albertocastro/px4_drone/install/px4_control
[1.056s] Invoking command in '/home/albertocastro/px4_drone/build/px4_control': CMAKE_PREFIX_PATH=/opt/ros/humble /usr/bin/cmake --build /home/albertocastro/px4_drone/build/px4_control -- -j4 -l4
[1.099s] Invoked command in '/home/albertocastro/px4_drone/build/px4_control' returned '0': CMAKE_PREFIX_PATH=/opt/ros/humble /usr/bin/cmake --build /home/albertocastro/px4_drone/build/px4_control -- -j4 -l4
[1.133s] Invoking command in '/home/albertocastro/px4_drone/build/px4_control': CMAKE_PREFIX_PATH=/opt/ros/humble /usr/bin/cmake --install /home/albertocastro/px4_drone/build/px4_control
[1.143s] -- Install configuration: ""
[1.144s] -- Installing: /home/albertocastro/px4_drone/install/px4_control/share/ament_index/resource_index/package_run_dependencies/px4_control
[1.144s] -- Installing: /home/albertocastro/px4_drone/install/px4_control/share/ament_index/resource_index/parent_prefix_path/px4_control
[1.144s] -- Installing: /home/albertocastro/px4_drone/install/px4_control/share/px4_control/environment/ament_prefix_path.sh
[1.145s] -- Installing: /home/albertocastro/px4_drone/install/px4_control/share/px4_control/environment/ament_prefix_path.dsv
[1.145s] -- Installing: /home/albertocastro/px4_drone/install/px4_control/share/px4_control/environment/path.sh
[1.145s] -- Installing: /home/albertocastro/px4_drone/install/px4_control/share/px4_control/environment/path.dsv
[1.145s] -- Installing: /home/albertocastro/px4_drone/install/px4_control/share/px4_control/local_setup.bash
[1.145s] -- Installing: /home/albertocastro/px4_drone/install/px4_control/share/px4_control/local_setup.sh
[1.146s] -- Installing: /home/albertocastro/px4_drone/install/px4_control/share/px4_control/local_setup.zsh
[1.146s] -- Installing: /home/albertocastro/px4_drone/install/px4_control/share/px4_control/local_setup.dsv
[1.146s] -- Installing: /home/albertocastro/px4_drone/install/px4_control/share/px4_control/package.dsv
[1.146s] -- Installing: /home/albertocastro/px4_drone/install/px4_control/share/ament_index/resource_index/packages/px4_control
[1.147s] -- Installing: /home/albertocastro/px4_drone/install/px4_control/share/px4_control/cmake/px4_controlConfig.cmake
[1.147s] -- Installing: /home/albertocastro/px4_drone/install/px4_control/share/px4_control/cmake/px4_controlConfig-version.cmake
[1.147s] -- Installing: /home/albertocastro/px4_drone/install/px4_control/share/px4_control/package.xml
[1.151s] Invoked command in '/home/albertocastro/px4_drone/build/px4_control' returned '0': CMAKE_PREFIX_PATH=/opt/ros/humble /usr/bin/cmake --install /home/albertocastro/px4_drone/build/px4_control
