[2.007s] Invoking command in '/home/albertocastro/px4_drone/src/px4_control': PS1=(venv) ${debian_chroot:+($debian_chroot)}\[\033[01;32m\]\u@\h\[\033[00m\]:\[\033[01;34m\]\w\[\033[00m\]\$ PYTHONPATH=/home/albertocastro/px4_drone/build/px4_control/prefix_override:/home/albertocastro/px4_drone/install/px4_control/lib/python3.10/site-packages:${PYTHONPATH} VIRTUAL_ENV_PROMPT=(venv) /usr/bin/python3 setup.py egg_info --egg-base ../../build/px4_control build --build-base /home/albertocastro/px4_drone/build/px4_control/build install --record /home/albertocastro/px4_drone/build/px4_control/install.log --single-version-externally-managed
[2.701s] running egg_info
[2.753s] writing ../../build/px4_control/px4_control.egg-info/PKG-INFO
[2.758s] writing dependency_links to ../../build/px4_control/px4_control.egg-info/dependency_links.txt
[2.759s] writing entry points to ../../build/px4_control/px4_control.egg-info/entry_points.txt
[2.759s] writing requirements to ../../build/px4_control/px4_control.egg-info/requires.txt
[2.760s] writing top-level names to ../../build/px4_control/px4_control.egg-info/top_level.txt
[2.865s] reading manifest file '../../build/px4_control/px4_control.egg-info/SOURCES.txt'
[2.867s] writing manifest file '../../build/px4_control/px4_control.egg-info/SOURCES.txt'
[2.870s] running build
[2.870s] running build_py
[2.872s] copying px4_control/drone1.py -> /home/albertocastro/px4_drone/build/px4_control/build/lib/px4_control
[2.874s] running install
[2.886s] /home/albertocastro/.local/lib/python3.10/site-packages/setuptools/_distutils/cmd.py:66: SetuptoolsDeprecationWarning: setup.py install is deprecated.
[2.886s] !!
[2.886s] 
[2.887s]         ********************************************************************************
[2.887s]         Please avoid running ``setup.py`` directly.
[2.887s]         Instead, use pypa/build, pypa/installer or other
[2.887s]         standards-based tools.
[2.887s] 
[2.887s]         See https://blog.ganssle.io/articles/2021/10/setup-py-deprecated.html for details.
[2.888s]         ********************************************************************************
[2.888s] 
[2.888s] !!
[2.888s]   self.initialize_options()
[2.921s] running install_lib
[2.966s] copying /home/albertocastro/px4_drone/build/px4_control/build/lib/px4_control/drone1.py -> /home/albertocastro/px4_drone/install/px4_control/lib/python3.10/site-packages/px4_control
[2.969s] byte-compiling /home/albertocastro/px4_drone/install/px4_control/lib/python3.10/site-packages/px4_control/drone1.py to drone1.cpython-310.pyc
[2.977s] running install_data
[3.022s] running install_egg_info
[3.086s] removing '/home/albertocastro/px4_drone/install/px4_control/lib/python3.10/site-packages/px4_control-0.0.0-py3.10.egg-info' (and everything under it)
[3.090s] Copying ../../build/px4_control/px4_control.egg-info to /home/albertocastro/px4_drone/install/px4_control/lib/python3.10/site-packages/px4_control-0.0.0-py3.10.egg-info
[3.099s] running install_scripts
[3.534s] Installing drone1 script to /home/albertocastro/px4_drone/install/px4_control/lib/px4_control
[3.535s] Installing keyboard script to /home/albertocastro/px4_drone/install/px4_control/lib/px4_control
[3.536s] writing list of installed files to '/home/albertocastro/px4_drone/build/px4_control/install.log'
[3.594s] Invoked command in '/home/albertocastro/px4_drone/src/px4_control' returned '0': PS1=(venv) ${debian_chroot:+($debian_chroot)}\[\033[01;32m\]\u@\h\[\033[00m\]:\[\033[01;34m\]\w\[\033[00m\]\$ PYTHONPATH=/home/albertocastro/px4_drone/build/px4_control/prefix_override:/home/albertocastro/px4_drone/install/px4_control/lib/python3.10/site-packages:${PYTHONPATH} VIRTUAL_ENV_PROMPT=(venv) /usr/bin/python3 setup.py egg_info --egg-base ../../build/px4_control build --build-base /home/albertocastro/px4_drone/build/px4_control/build install --record /home/albertocastro/px4_drone/build/px4_control/install.log --single-version-externally-managed
