running egg_info
creating ../../build/px4_control/px4_control.egg-info
writing ../../build/px4_control/px4_control.egg-info/PKG-INFO
writing dependency_links to ../../build/px4_control/px4_control.egg-info/dependency_links.txt
writing requirements to ../../build/px4_control/px4_control.egg-info/requires.txt
writing top-level names to ../../build/px4_control/px4_control.egg-info/top_level.txt
writing manifest file '../../build/px4_control/px4_control.egg-info/SOURCES.txt'
reading manifest file '../../build/px4_control/px4_control.egg-info/SOURCES.txt'
writing manifest file '../../build/px4_control/px4_control.egg-info/SOURCES.txt'
running build
running build_py
creating /home/albertocastro/px4_drone/build/px4_control/build
creating /home/albertocastro/px4_drone/build/px4_control/build/lib
creating /home/albertocastro/px4_drone/build/px4_control/build/lib/px4_control
copying px4_control/drone1.py -> /home/albertocastro/px4_drone/build/px4_control/build/lib/px4_control
copying px4_control/control_keyboard.py -> /home/albertocastro/px4_drone/build/px4_control/build/lib/px4_control
copying px4_control/com_lib.py -> /home/albertocastro/px4_drone/build/px4_control/build/lib/px4_control
copying px4_control/__init__.py -> /home/albertocastro/px4_drone/build/px4_control/build/lib/px4_control
running install
/home/albertocastro/.local/lib/python3.10/site-packages/setuptools/_distutils/cmd.py:66: SetuptoolsDeprecationWarning: setup.py install is deprecated.
!!

        ********************************************************************************
        Please avoid running ``setup.py`` directly.
        Instead, use pypa/build, pypa/installer or other
        standards-based tools.

        See https://blog.ganssle.io/articles/2021/10/setup-py-deprecated.html for details.
        ********************************************************************************

!!
  self.initialize_options()
running install_lib
creating /home/albertocastro/px4_drone/install/px4_control/lib/python3.10/site-packages/px4_control
copying /home/albertocastro/px4_drone/build/px4_control/build/lib/px4_control/drone1.py -> /home/albertocastro/px4_drone/install/px4_control/lib/python3.10/site-packages/px4_control
copying /home/albertocastro/px4_drone/build/px4_control/build/lib/px4_control/control_keyboard.py -> /home/albertocastro/px4_drone/install/px4_control/lib/python3.10/site-packages/px4_control
copying /home/albertocastro/px4_drone/build/px4_control/build/lib/px4_control/com_lib.py -> /home/albertocastro/px4_drone/install/px4_control/lib/python3.10/site-packages/px4_control
copying /home/albertocastro/px4_drone/build/px4_control/build/lib/px4_control/__init__.py -> /home/albertocastro/px4_drone/install/px4_control/lib/python3.10/site-packages/px4_control
byte-compiling /home/albertocastro/px4_drone/install/px4_control/lib/python3.10/site-packages/px4_control/drone1.py to drone1.cpython-310.pyc
byte-compiling /home/albertocastro/px4_drone/install/px4_control/lib/python3.10/site-packages/px4_control/control_keyboard.py to control_keyboard.cpython-310.pyc
byte-compiling /home/albertocastro/px4_drone/install/px4_control/lib/python3.10/site-packages/px4_control/com_lib.py to com_lib.cpython-310.pyc
byte-compiling /home/albertocastro/px4_drone/install/px4_control/lib/python3.10/site-packages/px4_control/__init__.py to __init__.cpython-310.pyc
running install_data
copying resource/px4_control -> /home/albertocastro/px4_drone/install/px4_control/share/ament_index/resource_index/packages
copying package.xml -> /home/albertocastro/px4_drone/install/px4_control/share/px4_control
running install_egg_info
Copying ../../build/px4_control/px4_control.egg-info to /home/albertocastro/px4_drone/install/px4_control/lib/python3.10/site-packages/px4_control-0.0.0-py3.10.egg-info
running install_scripts
writing list of installed files to '/home/albertocastro/px4_drone/build/px4_control/install.log'
