[1.206s] Invoking command in '/home/albertocastro/px4_drone/src/px4_control': PYTHONPATH=/home/albertocastro/px4_drone/build/px4_control/prefix_override:/home/albertocastro/px4_drone/install/px4_control/lib/python3.10/site-packages:${PYTHONPATH} /usr/bin/python3 setup.py egg_info --egg-base ../../build/px4_control build --build-base /home/albertocastro/px4_drone/build/px4_control/build install --record /home/albertocastro/px4_drone/build/px4_control/install.log --single-version-externally-managed
[1.486s] running egg_info
[1.487s] creating ../../build/px4_control/px4_control.egg-info
[1.505s] writing ../../build/px4_control/px4_control.egg-info/PKG-INFO
[1.506s] writing dependency_links to ../../build/px4_control/px4_control.egg-info/dependency_links.txt
[1.507s] writing requirements to ../../build/px4_control/px4_control.egg-info/requires.txt
[1.507s] writing top-level names to ../../build/px4_control/px4_control.egg-info/top_level.txt
[1.507s] writing manifest file '../../build/px4_control/px4_control.egg-info/SOURCES.txt'
[1.548s] reading manifest file '../../build/px4_control/px4_control.egg-info/SOURCES.txt'
[1.549s] writing manifest file '../../build/px4_control/px4_control.egg-info/SOURCES.txt'
[1.550s] running build
[1.550s] running build_py
[1.550s] creating /home/albertocastro/px4_drone/build/px4_control/build
[1.550s] creating /home/albertocastro/px4_drone/build/px4_control/build/lib
[1.551s] creating /home/albertocastro/px4_drone/build/px4_control/build/lib/px4_control
[1.551s] copying px4_control/drone1.py -> /home/albertocastro/px4_drone/build/px4_control/build/lib/px4_control
[1.551s] copying px4_control/control_keyboard.py -> /home/albertocastro/px4_drone/build/px4_control/build/lib/px4_control
[1.551s] copying px4_control/com_lib.py -> /home/albertocastro/px4_drone/build/px4_control/build/lib/px4_control
[1.552s] copying px4_control/__init__.py -> /home/albertocastro/px4_drone/build/px4_control/build/lib/px4_control
[1.552s] running install
[1.554s] /home/albertocastro/.local/lib/python3.10/site-packages/setuptools/_distutils/cmd.py:66: SetuptoolsDeprecationWarning: setup.py install is deprecated.
[1.554s] !!
[1.554s] 
[1.554s]         ********************************************************************************
[1.554s]         Please avoid running ``setup.py`` directly.
[1.554s]         Instead, use pypa/build, pypa/installer or other
[1.555s]         standards-based tools.
[1.555s] 
[1.555s]         See https://blog.ganssle.io/articles/2021/10/setup-py-deprecated.html for details.
[1.555s]         ********************************************************************************
[1.555s] 
[1.555s] !!
[1.556s]   self.initialize_options()
[1.561s] running install_lib
[1.581s] creating /home/albertocastro/px4_drone/install/px4_control/lib/python3.10/site-packages/px4_control
[1.581s] copying /home/albertocastro/px4_drone/build/px4_control/build/lib/px4_control/drone1.py -> /home/albertocastro/px4_drone/install/px4_control/lib/python3.10/site-packages/px4_control
[1.582s] copying /home/albertocastro/px4_drone/build/px4_control/build/lib/px4_control/control_keyboard.py -> /home/albertocastro/px4_drone/install/px4_control/lib/python3.10/site-packages/px4_control
[1.582s] copying /home/albertocastro/px4_drone/build/px4_control/build/lib/px4_control/com_lib.py -> /home/albertocastro/px4_drone/install/px4_control/lib/python3.10/site-packages/px4_control
[1.582s] copying /home/albertocastro/px4_drone/build/px4_control/build/lib/px4_control/__init__.py -> /home/albertocastro/px4_drone/install/px4_control/lib/python3.10/site-packages/px4_control
[1.583s] byte-compiling /home/albertocastro/px4_drone/install/px4_control/lib/python3.10/site-packages/px4_control/drone1.py to drone1.cpython-310.pyc
[1.584s] byte-compiling /home/albertocastro/px4_drone/install/px4_control/lib/python3.10/site-packages/px4_control/control_keyboard.py to control_keyboard.cpython-310.pyc
[1.586s] byte-compiling /home/albertocastro/px4_drone/install/px4_control/lib/python3.10/site-packages/px4_control/com_lib.py to com_lib.cpython-310.pyc
[1.587s] byte-compiling /home/albertocastro/px4_drone/install/px4_control/lib/python3.10/site-packages/px4_control/__init__.py to __init__.cpython-310.pyc
[1.587s] running install_data
[1.607s] copying resource/px4_control -> /home/albertocastro/px4_drone/install/px4_control/share/ament_index/resource_index/packages
[1.607s] copying package.xml -> /home/albertocastro/px4_drone/install/px4_control/share/px4_control
[1.607s] running install_egg_info
[1.627s] Copying ../../build/px4_control/px4_control.egg-info to /home/albertocastro/px4_drone/install/px4_control/lib/python3.10/site-packages/px4_control-0.0.0-py3.10.egg-info
[1.628s] running install_scripts
[1.854s] writing list of installed files to '/home/albertocastro/px4_drone/build/px4_control/install.log'
[1.892s] Invoked command in '/home/albertocastro/px4_drone/src/px4_control' returned '0': PYTHONPATH=/home/albertocastro/px4_drone/build/px4_control/prefix_override:/home/albertocastro/px4_drone/install/px4_control/lib/python3.10/site-packages:${PYTHONPATH} /usr/bin/python3 setup.py egg_info --egg-base ../../build/px4_control build --build-base /home/albertocastro/px4_drone/build/px4_control/build install --record /home/albertocastro/px4_drone/build/px4_control/install.log --single-version-externally-managed
