[35m[1mConsolidate compiler generated dependencies of target vehicle_gps_position_listener[0m
[ 20%] Built target sensor_combined_listener
[ 40%] Built target frame_transforms
[ 50%] [32mBuilding CXX object CMakeFiles/vehicle_gps_position_listener.dir/src/examples/listeners/vehicle_gps_position_listener.cpp.o[0m
[ 70%] Built target debug_vect_advertiser
[35m[1mConsolidate compiler generated dependencies of target offboard_control[0m
[ 90%] Built target offboard_control
[01m[K/home/albertocastro/px4_drone/src/px4_ros_com/src/examples/listeners/vehicle_gps_position_listener.cpp:[m[K In lambda function:
[01m[K/home/albertocastro/px4_drone/src/px4_ros_com/src/examples/listeners/vehicle_gps_position_listener.cpp:60:54:[m[K [01;31m[Kerror: [m[K‘[01m[Kstruct px4_msgs::msg::SensorGps_<std::allocator<void> >[m[K’ has no member named ‘[01m[Klat[m[K’
   60 |                         std::cout << "lat: " << msg->[01;31m[Klat[m[K  << std::endl;
      |                                                      [01;31m[K^~~[m[K
[01m[K/home/albertocastro/px4_drone/src/px4_ros_com/src/examples/listeners/vehicle_gps_position_listener.cpp:61:54:[m[K [01;31m[Kerror: [m[K‘[01m[Kstruct px4_msgs::msg::SensorGps_<std::allocator<void> >[m[K’ has no member named ‘[01m[Klon[m[K’
   61 |                         std::cout << "lon: " << msg->[01;31m[Klon[m[K << std::endl;
      |                                                      [01;31m[K^~~[m[K
[01m[K/home/albertocastro/px4_drone/src/px4_ros_com/src/examples/listeners/vehicle_gps_position_listener.cpp:62:54:[m[K [01;31m[Kerror: [m[K‘[01m[Kstruct px4_msgs::msg::SensorGps_<std::allocator<void> >[m[K’ has no member named ‘[01m[Kalt[m[K’
   62 |                         std::cout << "alt: " << msg->[01;31m[Kalt[m[K  << std::endl;
      |                                                      [01;31m[K^~~[m[K
[01m[K/home/albertocastro/px4_drone/src/px4_ros_com/src/examples/listeners/vehicle_gps_position_listener.cpp:63:64:[m[K [01;31m[Kerror: [m[K‘[01m[Kstruct px4_msgs::msg::SensorGps_<std::allocator<void> >[m[K’ has no member named ‘[01m[Kalt_ellipsoid[m[K’; did you mean ‘[01m[Kaltitude_ellipsoid_m[m[K’?
   63 |                         std::cout << "alt_ellipsoid: " << msg->[01;31m[Kalt_ellipsoid[m[K << std::endl;
      |                                                                [01;31m[K^~~~~~~~~~~~~[m[K
      |                                                                [32m[Kaltitude_ellipsoid_m[m[K
gmake[2]: *** [CMakeFiles/vehicle_gps_position_listener.dir/build.make:76: CMakeFiles/vehicle_gps_position_listener.dir/src/examples/listeners/vehicle_gps_position_listener.cpp.o] Error 1
gmake[1]: *** [CMakeFiles/Makefile2:197: CMakeFiles/vehicle_gps_position_listener.dir/all] Error 2
gmake: *** [Makefile:146: all] Error 2
