[0.012s] Invoking command in '/home/albertocastro/px4_drone/build/px4_ros_com': AMENT_PREFIX_PATH=/home/albertocastro/px4_drone/install/px4_msgs:${AMENT_PREFIX_PATH} CMAKE_PREFIX_PATH=/home/albertocastro/px4_drone/install/px4_msgs:/opt/ros/humble LD_LIBRARY_PATH=/home/albertocastro/px4_drone/install/px4_msgs/lib:${LD_LIBRARY_PATH} PYTHONPATH=/home/albertocastro/px4_drone/install/px4_msgs/local/lib/python3.10/dist-packages:${PYTHONPATH} /usr/bin/cmake --build /home/albertocastro/px4_drone/build/px4_ros_com -- -j4 -l4
[0.071s] [35m[1mConsolidate compiler generated dependencies of target vehicle_gps_position_listener[0m
[0.087s] [ 20%] Built target sensor_combined_listener
[0.100s] [ 40%] Built target frame_transforms
[0.104s] [ 50%] [32mBuilding CXX object CMakeFiles/vehicle_gps_position_listener.dir/src/examples/listeners/vehicle_gps_position_listener.cpp.o[0m
[0.111s] [ 70%] Built target debug_vect_advertiser
[0.116s] [35m[1mConsolidate compiler generated dependencies of target offboard_control[0m
[0.140s] [ 90%] Built target offboard_control
[3.125s] [01m[K/home/albertocastro/px4_drone/src/px4_ros_com/src/examples/listeners/vehicle_gps_position_listener.cpp:[m[K In lambda function:
[3.126s] [01m[K/home/albertocastro/px4_drone/src/px4_ros_com/src/examples/listeners/vehicle_gps_position_listener.cpp:60:54:[m[K [01;31m[Kerror: [m[K‘[01m[Kstruct px4_msgs::msg::SensorGps_<std::allocator<void> >[m[K’ has no member named ‘[01m[Klat[m[K’
[3.126s]    60 |                         std::cout << "lat: " << msg->[01;31m[Klat[m[K  << std::endl;
[3.126s]       |                                                      [01;31m[K^~~[m[K
[3.126s] [01m[K/home/albertocastro/px4_drone/src/px4_ros_com/src/examples/listeners/vehicle_gps_position_listener.cpp:61:54:[m[K [01;31m[Kerror: [m[K‘[01m[Kstruct px4_msgs::msg::SensorGps_<std::allocator<void> >[m[K’ has no member named ‘[01m[Klon[m[K’
[3.126s]    61 |                         std::cout << "lon: " << msg->[01;31m[Klon[m[K << std::endl;
[3.126s]       |                                                      [01;31m[K^~~[m[K
[3.127s] [01m[K/home/albertocastro/px4_drone/src/px4_ros_com/src/examples/listeners/vehicle_gps_position_listener.cpp:62:54:[m[K [01;31m[Kerror: [m[K‘[01m[Kstruct px4_msgs::msg::SensorGps_<std::allocator<void> >[m[K’ has no member named ‘[01m[Kalt[m[K’
[3.127s]    62 |                         std::cout << "alt: " << msg->[01;31m[Kalt[m[K  << std::endl;
[3.127s]       |                                                      [01;31m[K^~~[m[K
[3.127s] [01m[K/home/albertocastro/px4_drone/src/px4_ros_com/src/examples/listeners/vehicle_gps_position_listener.cpp:63:64:[m[K [01;31m[Kerror: [m[K‘[01m[Kstruct px4_msgs::msg::SensorGps_<std::allocator<void> >[m[K’ has no member named ‘[01m[Kalt_ellipsoid[m[K’; did you mean ‘[01m[Kaltitude_ellipsoid_m[m[K’?
[3.127s]    63 |                         std::cout << "alt_ellipsoid: " << msg->[01;31m[Kalt_ellipsoid[m[K << std::endl;
[3.127s]       |                                                                [01;31m[K^~~~~~~~~~~~~[m[K
[3.127s]       |                                                                [32m[Kaltitude_ellipsoid_m[m[K
[6.070s] gmake[2]: *** [CMakeFiles/vehicle_gps_position_listener.dir/build.make:76: CMakeFiles/vehicle_gps_position_listener.dir/src/examples/listeners/vehicle_gps_position_listener.cpp.o] Error 1
[6.070s] gmake[1]: *** [CMakeFiles/Makefile2:197: CMakeFiles/vehicle_gps_position_listener.dir/all] Error 2
[6.070s] gmake: *** [Makefile:146: all] Error 2
[6.073s] Invoked command in '/home/albertocastro/px4_drone/build/px4_ros_com' returned '2': AMENT_PREFIX_PATH=/home/albertocastro/px4_drone/install/px4_msgs:${AMENT_PREFIX_PATH} CMAKE_PREFIX_PATH=/home/albertocastro/px4_drone/install/px4_msgs:/opt/ros/humble LD_LIBRARY_PATH=/home/albertocastro/px4_drone/install/px4_msgs/lib:${LD_LIBRARY_PATH} PYTHONPATH=/home/albertocastro/px4_drone/install/px4_msgs/local/lib/python3.10/dist-packages:${PYTHONPATH} /usr/bin/cmake --build /home/albertocastro/px4_drone/build/px4_ros_com -- -j4 -l4
